2019-03-28 16:56:50.115 [info] <0.744.0>@se_endpoint_handler_ranch_protocol:start_link:32 got connection se_endpoint_handler
2019-03-28 16:56:50.115 [info] <0.744.0>@se_endpoint_handler_ranch_protocol:start_link:34 Pid =<0.871.0>
2019-03-28 16:56:50.115 [info] <0.871.0>@se_endpoint_handler_ranch_protocol:init:38 going to accept {sslsocket,{gen_tcp,#Port<0.1305>,tls_connection,<0.746.0>},<0.870.0>}
2019-03-28 16:56:50.183 [info] <0.871.0>@se_endpoint_handler_ranch_protocol:ip_address:13 ip {192,168,10,2}, port 59088
2019-03-28 16:56:50.183 [info] <0.871.0>@endpoint_meta_data:get_endpoint_meta_for_ip:9 get endpoint meta for given ip:{192,168,10,2}
2019-03-28 16:56:50.184 [info] <0.871.0>@se_endpoint_handler_ranch_protocol:create_sender_process:96 pid GlobalName <0.872.0> "endpoint_sender_1"
2019-03-28 16:56:50.184 [info] <0.871.0>@se_endpoint_handler_ranch_protocol:loop:54 Transport ranch_ssl
2019-03-28 16:56:50.185 [info] <0.871.0>@se_endpoint_handler_ranch_protocol:loop:58 Length 82
2019-03-28 16:56:50.185 [info] <0.871.0>@se_endpoint_handler_ranch_protocol:loop:61 Message <<3,0,0,1,0,0,1,0,0,17,0,0,1,0,0,0,0,0,1,0,0,16,0,0,0,0,0,0,0,0,0,0,0,0,0,0,0,0,0,0,0,0,0,0,0,0,0,0,0,0,0,0,24,0,0,0,1,0,8,1,0,0,8,1,57,57,57,49,53,57,52,57,55,56,56,52,0,4,0,9,1,49>>
2019-03-28 16:56:50.185 [info] <0.871.0>@message_processor_group_client:dispatch_message:24 PID <27942.841.0> RetVal ok
2019-03-28 16:56:50.185 [info] <0.871.0>@se_endpoint_handler_ranch_protocol:loop:54 Transport ranch_ssl
2019-03-28 16:56:50.208 [info] <0.872.0>@endpoint_sender_genserver:send_data:151 Got msg from se_message_processor: <<0,132,3,0,0,1,0,0,1,0,0,1,153,153,153,0,0,0,0,0,1,0,0,16,0,0,0,0,0,0,0,0,0,0,0,0,0,0,0,0,0,0,0,0,0,0,0,0,0,0,0,0,0,0,24,16,0,0,1,0,10,1,0,0,8,1,57,57,57,49,53,57,52,57,55,56,56,52,0,0,0,4,0,9,1,1>>
2019-03-28 16:56:50.208 [info] <0.872.0>@endpoint_sender_genserver:send_data:155 Time taken by se gateway to process this request 22894
2019-03-28 16:56:50.208 [info] <0.872.0>@endpoint_sender_genserver:send_data:162 Data sent to client: ok
2019-03-28 16:56:50.211 [info] <0.744.0>@se_endpoint_handler_ranch_protocol:start_link:32 got connection se_endpoint_handler
2019-03-28 16:56:50.211 [info] <0.744.0>@se_endpoint_handler_ranch_protocol:start_link:34 Pid =<0.874.0>
2019-03-28 16:56:50.211 [info] <0.874.0>@se_endpoint_handler_ranch_protocol:init:38 going to accept {sslsocket,{gen_tcp,#Port<0.1306>,tls_connection,<0.746.0>},<0.873.0>}
2019-03-28 16:56:50.260 [info] <0.874.0>@se_endpoint_handler_ranch_protocol:ip_address:13 ip {192,168,12,4}, port 58638
2019-03-28 16:56:50.260 [info] <0.874.0>@endpoint_meta_data:get_endpoint_meta_for_ip:9 get endpoint meta for given ip:{192,168,12,4}
2019-03-28 16:56:50.261 [info] <0.874.0>@se_endpoint_handler_ranch_protocol:create_sender_process:96 pid GlobalName <0.875.0> "endpoint_sender_5"
2019-03-28 16:56:50.261 [info] <0.874.0>@se_endpoint_handler_ranch_protocol:loop:54 Transport ranch_ssl
2019-03-28 16:56:50.261 [info] <0.874.0>@se_endpoint_handler_ranch_protocol:loop:58 Length 82
2019-03-28 16:56:50.261 [info] <0.874.0>@se_endpoint_handler_ranch_protocol:loop:61 Message <<3,0,0,1,0,0,1,0,0,17,0,0,5,0,0,0,0,0,1,0,0,16,0,0,0,0,0,0,0,0,0,0,0,0,0,0,0,0,0,0,0,0,0,0,0,0,0,0,0,0,0,0,24,0,0,0,1,0,8,1,0,0,8,1,57,57,57,49,53,57,52,57,55,56,56,52,0,4,0,9,1,49>>
2019-03-28 16:56:50.261 [info] <0.874.0>@message_processor_group_client:dispatch_message:24 PID <27942.832.0> RetVal ok
2019-03-28 16:56:50.261 [info] <0.874.0>@se_endpoint_handler_ranch_protocol:loop:54 Transport ranch_ssl
2019-03-28 16:56:50.285 [info] <0.875.0>@endpoint_sender_genserver:send_data:151 Got msg from se_message_processor: <<0,132,3,0,0,1,0,0,1,0,0,5,153,153,153,0,0,0,0,0,1,0,0,16,0,0,0,0,0,0,0,0,0,0,0,0,0,0,0,0,0,0,0,0,0,0,0,0,0,0,0,0,0,0,24,16,0,0,1,0,10,1,0,0,8,1,57,57,57,49,53,57,52,57,55,56,56,52,0,0,0,4,0,9,1,1>>
2019-03-28 16:56:50.285 [info] <0.875.0>@endpoint_sender_genserver:send_data:155 Time taken by se gateway to process this request 23946
2019-03-28 16:56:50.286 [info] <0.875.0>@endpoint_sender_genserver:send_data:162 Data sent to client: ok
2019-03-28 16:56:50.288 [info] <0.744.0>@se_endpoint_handler_ranch_protocol:start_link:32 got connection se_endpoint_handler
2019-03-28 16:56:50.288 [info] <0.744.0>@se_endpoint_handler_ranch_protocol:start_link:34 Pid =<0.877.0>
2019-03-28 16:56:50.288 [info] <0.877.0>@se_endpoint_handler_ranch_protocol:init:38 going to accept {sslsocket,{gen_tcp,#Port<0.1307>,tls_connection,<0.746.0>},<0.876.0>}
2019-03-28 16:56:50.338 [info] <0.877.0>@se_endpoint_handler_ranch_protocol:ip_address:13 ip {192,168,11,3}, port 41004
2019-03-28 16:56:50.338 [info] <0.877.0>@endpoint_meta_data:get_endpoint_meta_for_ip:9 get endpoint meta for given ip:{192,168,11,3}
2019-03-28 16:56:50.339 [info] <0.877.0>@se_endpoint_handler_ranch_protocol:create_sender_process:96 pid GlobalName <0.878.0> "endpoint_sender_2"
2019-03-28 16:56:50.339 [info] <0.877.0>@se_endpoint_handler_ranch_protocol:loop:54 Transport ranch_ssl
2019-03-28 16:56:50.339 [info] <0.877.0>@se_endpoint_handler_ranch_protocol:loop:58 Length 82
2019-03-28 16:56:50.339 [info] <0.877.0>@se_endpoint_handler_ranch_protocol:loop:61 Message <<3,0,0,1,0,0,1,0,0,17,0,0,2,0,0,0,0,0,1,0,0,16,0,0,0,0,0,0,0,0,0,0,0,0,0,0,0,0,0,0,0,0,0,0,0,0,0,0,0,0,0,0,24,0,0,0,1,0,8,1,0,0,8,1,57,57,57,49,53,57,52,57,55,56,56,52,0,4,0,9,1,50>>
2019-03-28 16:56:50.339 [info] <0.877.0>@message_processor_group_client:dispatch_message:24 PID <27942.832.0> RetVal ok
2019-03-28 16:56:50.339 [info] <0.877.0>@se_endpoint_handler_ranch_protocol:loop:54 Transport ranch_ssl
2019-03-28 16:56:50.369 [info] <0.878.0>@endpoint_sender_genserver:send_data:151 Got msg from se_message_processor: <<0,132,3,0,0,1,0,0,1,0,0,2,153,153,153,0,0,0,0,0,1,0,0,16,0,0,0,0,0,0,0,0,0,0,0,0,0,0,0,0,0,0,0,0,0,0,0,0,0,0,0,0,0,0,24,16,0,0,1,0,10,1,0,0,8,1,57,57,57,49,53,57,52,57,55,56,56,52,0,0,0,4,0,9,1,2>>
2019-03-28 16:56:50.369 [info] <0.878.0>@endpoint_sender_genserver:send_data:155 Time taken by se gateway to process this request 29966
2019-03-28 16:56:50.369 [info] <0.878.0>@endpoint_sender_genserver:send_data:162 Data sent to client: ok
2019-03-28 16:56:50.373 [info] <0.744.0>@se_endpoint_handler_ranch_protocol:start_link:32 got connection se_endpoint_handler
2019-03-28 16:56:50.373 [info] <0.744.0>@se_endpoint_handler_ranch_protocol:start_link:34 Pid =<0.880.0>
2019-03-28 16:56:50.373 [info] <0.880.0>@se_endpoint_handler_ranch_protocol:init:38 going to accept {sslsocket,{gen_tcp,#Port<0.1308>,tls_connection,<0.746.0>},<0.879.0>}
2019-03-28 16:56:50.421 [info] <0.880.0>@se_endpoint_handler_ranch_protocol:ip_address:13 ip {192,168,22,14}, port 48258
2019-03-28 16:56:50.422 [info] <0.880.0>@endpoint_meta_data:get_endpoint_meta_for_ip:9 get endpoint meta for given ip:{192,168,22,14}
2019-03-28 16:56:50.423 [info] <0.880.0>@se_endpoint_handler_ranch_protocol:create_sender_process:96 pid GlobalName <0.881.0> "endpoint_sender_3"
2019-03-28 16:56:50.423 [info] <0.880.0>@se_endpoint_handler_ranch_protocol:loop:54 Transport ranch_ssl
2019-03-28 16:56:50.423 [info] <0.880.0>@se_endpoint_handler_ranch_protocol:loop:58 Length 82
2019-03-28 16:56:50.423 [info] <0.880.0>@se_endpoint_handler_ranch_protocol:loop:61 Message <<3,0,0,1,0,0,1,0,0,17,0,0,3,0,0,0,0,0,1,0,0,16,0,0,0,0,0,0,0,0,0,0,0,0,0,0,0,0,0,0,0,0,0,0,0,0,0,0,0,0,0,0,24,0,0,0,1,0,8,1,0,0,8,1,57,57,57,49,53,57,52,57,55,56,56,52,0,4,0,9,1,49>>
2019-03-28 16:56:50.423 [info] <0.880.0>@message_processor_group_client:dispatch_message:24 PID <27942.839.0> RetVal ok
2019-03-28 16:56:50.423 [info] <0.880.0>@se_endpoint_handler_ranch_protocol:loop:54 Transport ranch_ssl
2019-03-28 16:56:50.451 [info] <0.881.0>@endpoint_sender_genserver:send_data:151 Got msg from se_message_processor: <<0,132,3,0,0,1,0,0,1,0,0,3,153,153,153,0,0,0,0,0,1,0,0,16,0,0,0,0,0,0,0,0,0,0,0,0,0,0,0,0,0,0,0,0,0,0,0,0,0,0,0,0,0,0,24,16,0,0,1,0,10,1,0,0,8,1,57,57,57,49,53,57,52,57,55,56,56,52,0,0,0,4,0,9,1,1>>
2019-03-28 16:56:50.451 [info] <0.881.0>@endpoint_sender_genserver:send_data:155 Time taken by se gateway to process this request 28121
2019-03-28 16:56:50.452 [info] <0.881.0>@endpoint_sender_genserver:send_data:162 Data sent to client: ok
2019-03-28 16:56:50.455 [info] <0.744.0>@se_endpoint_handler_ranch_protocol:start_link:32 got connection se_endpoint_handler
2019-03-28 16:56:50.455 [info] <0.744.0>@se_endpoint_handler_ranch_protocol:start_link:34 Pid =<0.883.0>
2019-03-28 16:56:50.455 [info] <0.883.0>@se_endpoint_handler_ranch_protocol:init:38 going to accept {sslsocket,{gen_tcp,#Port<0.1309>,tls_connection,<0.746.0>},<0.882.0>}
2019-03-28 16:56:50.503 [info] <0.883.0>@se_endpoint_handler_ranch_protocol:ip_address:13 ip {192,168,15,7}, port 33212
2019-03-28 16:56:50.503 [info] <0.883.0>@endpoint_meta_data:get_endpoint_meta_for_ip:9 get endpoint meta for given ip:{192,168,15,7}
2019-03-28 16:56:50.504 [info] <0.883.0>@se_endpoint_handler_ranch_protocol:create_sender_process:96 pid GlobalName <0.884.0> "endpoint_sender_11"
2019-03-28 16:56:50.504 [info] <0.883.0>@se_endpoint_handler_ranch_protocol:loop:54 Transport ranch_ssl
2019-03-28 16:56:50.504 [info] <0.883.0>@se_endpoint_handler_ranch_protocol:loop:58 Length 76
2019-03-28 16:56:50.504 [info] <0.883.0>@se_endpoint_handler_ranch_protocol:loop:61 Message <<3,0,0,1,0,0,1,0,0,0,0,0,17,0,0,0,0,0,1,0,0,16,0,0,0,0,0,0,0,0,0,0,0,0,0,0,0,0,0,0,0,0,0,0,0,0,0,0,0,0,0,0,24,0,0,0,1,0,8,0,0,0,8,1,57,57,49,57,52,49,49,57,54,57,50,54>>
2019-03-28 16:56:50.504 [info] <0.883.0>@message_processor_group_client:dispatch_message:24 PID <27942.834.0> RetVal ok
2019-03-28 16:56:50.504 [info] <0.883.0>@se_endpoint_handler_ranch_protocol:loop:54 Transport ranch_ssl
2019-03-28 16:56:50.528 [info] <0.884.0>@endpoint_sender_genserver:send_data:151 Got msg from se_message_processor: <<0,120,3,0,0,1,0,0,1,0,0,17,153,153,153,0,0,0,0,0,1,0,0,16,0,0,0,0,0,0,0,0,0,0,0,0,0,0,0,0,0,0,0,0,0,0,0,0,0,0,0,0,0,0,24,16,0,0,1,0,10,0,0,0,8,1,57,57,49,57,52,49,49,57,54,57,50,54,0,0>>
2019-03-28 16:56:50.529 [info] <0.884.0>@endpoint_sender_genserver:send_data:155 Time taken by se gateway to process this request 24290
2019-03-28 16:56:50.529 [info] <0.884.0>@endpoint_sender_genserver:send_data:162 Data sent to client: ok
2019-03-28 16:56:50.531 [info] <0.744.0>@se_endpoint_handler_ranch_protocol:start_link:32 got connection se_endpoint_handler
2019-03-28 16:56:50.531 [info] <0.744.0>@se_endpoint_handler_ranch_protocol:start_link:34 Pid =<0.886.0>
2019-03-28 16:56:50.531 [info] <0.886.0>@se_endpoint_handler_ranch_protocol:init:38 going to accept {sslsocket,{gen_tcp,#Port<0.1310>,tls_connection,<0.746.0>},<0.885.0>}
2019-03-28 16:56:50.577 [info] <0.886.0>@se_endpoint_handler_ranch_protocol:ip_address:13 ip {192,168,23,15}, port 50976
2019-03-28 16:56:50.578 [info] <0.886.0>@endpoint_meta_data:get_endpoint_meta_for_ip:9 get endpoint meta for given ip:{192,168,23,15}
2019-03-28 16:56:50.579 [info] <0.886.0>@se_endpoint_handler_ranch_protocol:create_sender_process:96 pid GlobalName <0.887.0> "endpoint_sender_23"
2019-03-28 16:56:50.579 [info] <0.886.0>@se_endpoint_handler_ranch_protocol:loop:54 Transport ranch_ssl
2019-03-28 16:56:50.579 [info] <0.886.0>@se_endpoint_handler_ranch_protocol:loop:58 Length 76
2019-03-28 16:56:50.579 [info] <0.886.0>@se_endpoint_handler_ranch_protocol:loop:61 Message <<3,0,0,1,0,0,1,0,0,0,0,0,35,0,0,0,0,0,1,0,0,16,0,0,0,0,0,0,0,0,0,0,0,0,0,0,0,0,0,0,0,0,0,0,0,0,0,0,0,0,0,0,24,0,0,0,1,0,8,0,0,0,8,1,57,57,49,57,52,49,49,57,54,57,50,54>>
2019-03-28 16:56:50.579 [info] <0.886.0>@message_processor_group_client:dispatch_message:24 PID <27942.837.0> RetVal ok
2019-03-28 16:56:50.579 [info] <0.886.0>@se_endpoint_handler_ranch_protocol:loop:54 Transport ranch_ssl
2019-03-28 16:56:50.605 [info] <0.887.0>@endpoint_sender_genserver:send_data:151 Got msg from se_message_processor: <<0,120,3,0,0,1,0,0,1,0,0,35,153,153,153,0,0,0,0,0,1,0,0,16,0,0,0,0,0,0,0,0,0,0,0,0,0,0,0,0,0,0,0,0,0,0,0,0,0,0,0,0,0,0,24,16,0,0,1,0,10,0,0,0,8,1,57,57,49,57,52,49,49,57,54,57,50,54,0,0>>
2019-03-28 16:56:50.605 [info] <0.887.0>@endpoint_sender_genserver:send_data:155 Time taken by se gateway to process this request 26153
2019-03-28 16:56:50.605 [info] <0.887.0>@endpoint_sender_genserver:send_data:162 Data sent to client: ok
2019-03-28 16:56:50.608 [info] <0.744.0>@se_endpoint_handler_ranch_protocol:start_link:32 got connection se_endpoint_handler
2019-03-28 16:56:50.608 [info] <0.744.0>@se_endpoint_handler_ranch_protocol:start_link:34 Pid =<0.889.0>
2019-03-28 16:56:50.608 [info] <0.889.0>@se_endpoint_handler_ranch_protocol:init:38 going to accept {sslsocket,{gen_tcp,#Port<0.1311>,tls_connection,<0.746.0>},<0.888.0>}
2019-03-28 16:56:50.657 [info] <0.889.0>@se_endpoint_handler_ranch_protocol:ip_address:13 ip {192,168,24,16}, port 53296
2019-03-28 16:56:50.657 [info] <0.889.0>@endpoint_meta_data:get_endpoint_meta_for_ip:9 get endpoint meta for given ip:{192,168,24,16}
2019-03-28 16:56:50.658 [info] <0.889.0>@se_endpoint_handler_ranch_protocol:create_sender_process:96 pid GlobalName <0.890.0> "endpoint_sender_24"
2019-03-28 16:56:50.658 [info] <0.889.0>@se_endpoint_handler_ranch_protocol:loop:54 Transport ranch_ssl
2019-03-28 16:56:50.659 [info] <0.889.0>@se_endpoint_handler_ranch_protocol:loop:58 Length 76
2019-03-28 16:56:50.659 [info] <0.889.0>@se_endpoint_handler_ranch_protocol:loop:61 Message <<3,0,0,1,0,0,1,0,0,0,0,0,36,0,0,0,0,0,1,0,0,16,0,0,0,0,0,0,0,0,0,0,0,0,0,0,0,0,0,0,0,0,0,0,0,0,0,0,0,0,0,0,24,0,0,0,1,0,8,0,0,0,8,1,57,57,49,57,52,49,49,57,54,57,50,54>>
2019-03-28 16:56:50.659 [info] <0.889.0>@message_processor_group_client:dispatch_message:24 PID <27942.841.0> RetVal ok
2019-03-28 16:56:50.659 [info] <0.889.0>@se_endpoint_handler_ranch_protocol:loop:54 Transport ranch_ssl
2019-03-28 16:56:50.725 [info] <0.890.0>@endpoint_sender_genserver:send_data:151 Got msg from se_message_processor: <<0,120,3,0,0,1,0,0,1,0,0,36,153,153,153,0,0,0,0,0,1,0,0,16,0,0,0,0,0,0,0,0,0,0,0,0,0,0,0,0,0,0,0,0,0,0,0,0,0,0,0,0,0,0,24,16,0,0,1,0,10,0,0,0,8,1,57,57,49,57,52,49,49,57,54,57,50,54,0,0>>
2019-03-28 16:56:50.725 [info] <0.890.0>@endpoint_sender_genserver:send_data:155 Time taken by se gateway to process this request 66420
2019-03-28 16:56:50.726 [info] <0.890.0>@endpoint_sender_genserver:send_data:162 Data sent to client: ok
2019-03-28 16:56:50.859 [info] <0.883.0>@se_endpoint_handler_ranch_protocol:loop:58 Length 195
2019-03-28 16:56:50.859 [info] <0.883.0>@se_endpoint_handler_ranch_protocol:loop:61 Message <<3,0,0,1,0,0,1,0,0,0,0,0,17,0,0,0,0,0,1,0,0,16,0,0,0,0,0,0,0,0,0,0,0,0,0,0,0,0,0,0,0,0,0,0,0,0,0,0,0,0,0,0,18,0,112,52,7,65,9,224,128,0,22,34,32,136,0,0,0,0,33,0,0,0,0,0,0,2,5,2,18,52,86,24,3,32,1,1,1,34,6,54,48,48,48,51,48,49,48,48,48,48,48,0,0,2,0,82,0,6,57,48,48,48,48,52,57,57,57,54,52,56,50,57,54,54,48,52,2,1,49,50,51,52,53,54,55,56,49,50,51,52,53,54,55,56,49,50,51,52,53,54,55,84,69,83,84,78,65,77,69,32,79,70,32,77,69,82,67,72,65,78,84,49,50,51,77,85,77,66,65,73,88,88,88,88,88,88,88,77,72,73,78,8,64>>
2019-03-28 16:56:50.859 [info] <0.883.0>@message_processor_group_client:dispatch_message:24 PID <27942.841.0> RetVal ok
2019-03-28 16:56:50.859 [info] <0.883.0>@se_endpoint_handler_ranch_protocol:loop:54 Transport ranch_ssl
2019-03-28 16:56:50.993 [info] <0.884.0>@endpoint_sender_genserver:send_data:151 Got msg from se_message_processor: <<2,40,3,0,0,1,0,0,1,0,0,17,153,153,153,0,0,0,0,0,1,0,0,16,0,0,0,1,35,25,8,116,18,16,144,0,0,69,130,0,0,0,0,0,0,0,0,0,0,0,0,0,0,0,18,16,112,48,7,65,11,229,128,0,22,34,32,136,0,0,0,0,33,0,0,0,0,0,0,2,5,2,18,52,86,24,3,32,1,1,1,54,48,48,48,51,48,49,48,48,48,48,48,0,0,2,0,82,0,6,57,48,48,48,48,52,57,57,57,54,52,56,50,57,54,54,48,52,9,4,2,1,49,50,51,52,53,54,55,56,49,50,51,52,53,54,55,56,49,50,51,52,53,54,55,84,69,83,84,78,65,77,69,32,79,70,32,77,69,82,67,72,65,78,84,49,50,51,77,85,77,66,65,73,88,88,88,88,88,88,88,77,72,73,78,0,3,55,51,53,0,38,0,1,35,49,50,51,49,57,48,56,55,52,49,50,49,48,57,48,48,48,48,48,51,53,53,52,8,64>>
2019-03-28 16:56:50.993 [info] <0.884.0>@endpoint_sender_genserver:send_data:155 Time taken by se gateway to process this request 133708
2019-03-28 16:56:50.993 [info] <0.884.0>@endpoint_sender_genserver:send_data:162 Data sent to client: ok
2019-03-28 16:57:50.914 [error] <0.871.0>@se_endpoint_handler_ranch_protocol:loop:74 Error while receiving length bytes on socket {sslsocket,{gen_tcp,#Port<0.1305>,tls_connection,<0.746.0>},<0.870.0>} :  closed
2019-03-28 16:57:50.914 [info] <0.871.0>@endpoint_meta_data:get_endpoint_meta_for_ip:9 get endpoint meta for given ip:{192,168,10,2}
2019-03-28 16:57:50.914 [info] <0.871.0>@se_endpoint_handler_ranch_protocol:remove_sender_process:101 going to stop "endpoint_sender_1"
2019-03-28 16:57:50.915 [info] <0.872.0>@endpoint_sender_genserver:terminate:132 terminating <0.872.0> because of normal
2019-03-28 16:57:50.915 [error] <0.871.0> Ranch listener se_endpoint_handler terminated with reason: connection_closed
2019-03-28 16:57:50.937 [error] <0.883.0>@se_endpoint_handler_ranch_protocol:loop:74 Error while receiving length bytes on socket {sslsocket,{gen_tcp,#Port<0.1309>,tls_connection,<0.746.0>},<0.882.0>} :  closed
2019-03-28 16:57:50.937 [info] <0.883.0>@endpoint_meta_data:get_endpoint_meta_for_ip:9 get endpoint meta for given ip:{192,168,15,7}
2019-03-28 16:57:50.937 [info] <0.883.0>@se_endpoint_handler_ranch_protocol:remove_sender_process:101 going to stop "endpoint_sender_11"
2019-03-28 16:57:50.938 [info] <0.884.0>@endpoint_sender_genserver:terminate:132 terminating <0.884.0> because of normal
2019-03-28 16:57:50.938 [error] <0.886.0>@se_endpoint_handler_ranch_protocol:loop:74 Error while receiving length bytes on socket {sslsocket,{gen_tcp,#Port<0.1310>,tls_connection,<0.746.0>},<0.885.0>} :  closed
2019-03-28 16:57:50.938 [info] <0.886.0>@endpoint_meta_data:get_endpoint_meta_for_ip:9 get endpoint meta for given ip:{192,168,23,15}
2019-03-28 16:57:50.938 [info] <0.886.0>@se_endpoint_handler_ranch_protocol:remove_sender_process:101 going to stop "endpoint_sender_23"
2019-03-28 16:57:50.939 [info] <0.887.0>@endpoint_sender_genserver:terminate:132 terminating <0.887.0> because of normal
2019-03-28 16:57:50.939 [error] <0.883.0> Ranch listener se_endpoint_handler terminated with reason: connection_closed
2019-03-28 16:57:50.939 [error] <0.886.0> Ranch listener se_endpoint_handler terminated with reason: connection_closed
2019-03-28 16:57:50.940 [error] <0.889.0>@se_endpoint_handler_ranch_protocol:loop:74 Error while receiving length bytes on socket {sslsocket,{gen_tcp,#Port<0.1311>,tls_connection,<0.746.0>},<0.888.0>} :  closed
2019-03-28 16:57:50.940 [info] <0.889.0>@endpoint_meta_data:get_endpoint_meta_for_ip:9 get endpoint meta for given ip:{192,168,24,16}
2019-03-28 16:57:50.940 [info] <0.889.0>@se_endpoint_handler_ranch_protocol:remove_sender_process:101 going to stop "endpoint_sender_24"
2019-03-28 16:57:50.940 [info] <0.890.0>@endpoint_sender_genserver:terminate:132 terminating <0.890.0> because of normal
2019-03-28 16:57:50.941 [error] <0.889.0> Ranch listener se_endpoint_handler terminated with reason: connection_closed
2019-03-28 16:57:52.974 [error] <0.874.0>@se_endpoint_handler_ranch_protocol:loop:74 Error while receiving length bytes on socket {sslsocket,{gen_tcp,#Port<0.1306>,tls_connection,<0.746.0>},<0.873.0>} :  closed
2019-03-28 16:57:52.974 [info] <0.874.0>@endpoint_meta_data:get_endpoint_meta_for_ip:9 get endpoint meta for given ip:{192,168,12,4}
2019-03-28 16:57:52.974 [info] <0.874.0>@se_endpoint_handler_ranch_protocol:remove_sender_process:101 going to stop "endpoint_sender_5"
2019-03-28 16:57:52.974 [error] <0.880.0>@se_endpoint_handler_ranch_protocol:loop:74 Error while receiving length bytes on socket {sslsocket,{gen_tcp,#Port<0.1308>,tls_connection,<0.746.0>},<0.879.0>} :  closed
2019-03-28 16:57:52.974 [info] <0.880.0>@endpoint_meta_data:get_endpoint_meta_for_ip:9 get endpoint meta for given ip:{192,168,22,14}
2019-03-28 16:57:52.974 [info] <0.880.0>@se_endpoint_handler_ranch_protocol:remove_sender_process:101 going to stop "endpoint_sender_3"
2019-03-28 16:57:52.974 [error] <0.877.0>@se_endpoint_handler_ranch_protocol:loop:74 Error while receiving length bytes on socket {sslsocket,{gen_tcp,#Port<0.1307>,tls_connection,<0.746.0>},<0.876.0>} :  closed
2019-03-28 16:57:52.974 [info] <0.877.0>@endpoint_meta_data:get_endpoint_meta_for_ip:9 get endpoint meta for given ip:{192,168,11,3}
2019-03-28 16:57:52.974 [info] <0.877.0>@se_endpoint_handler_ranch_protocol:remove_sender_process:101 going to stop "endpoint_sender_2"
2019-03-28 16:57:52.974 [info] <0.875.0>@endpoint_sender_genserver:terminate:132 terminating <0.875.0> because of normal
2019-03-28 16:57:52.974 [info] <0.881.0>@endpoint_sender_genserver:terminate:132 terminating <0.881.0> because of normal
2019-03-28 16:57:52.974 [info] <0.878.0>@endpoint_sender_genserver:terminate:132 terminating <0.878.0> because of normal
2019-03-28 16:57:52.975 [error] <0.877.0> Ranch listener se_endpoint_handler terminated with reason: connection_closed
2019-03-28 16:57:52.975 [error] <0.874.0> Ranch listener se_endpoint_handler terminated with reason: connection_closed
2019-03-28 16:57:52.975 [error] <0.880.0> Ranch listener se_endpoint_handler terminated with reason: connection_closed
