2019-02-19 16:38:51.990 [info] <0.743.0>@se_endpoint_handler_ranch_protocol:start_link:32 got connection se_endpoint_handler
2019-02-19 16:38:51.990 [info] <0.743.0>@se_endpoint_handler_ranch_protocol:start_link:34 Pid =<0.1084.0>
2019-02-19 16:38:51.990 [info] <0.1084.0>@se_endpoint_handler_ranch_protocol:init:38 going to accept {sslsocket,{gen_tcp,#Port<0.1340>,tls_connection,<0.745.0>},<0.1083.0>}
2019-02-19 16:38:52.080 [info] <0.1084.0>@se_endpoint_handler_ranch_protocol:ip_address:13 ip {192,168,10,2}, port 40882
2019-02-19 16:38:52.081 [info] <0.1084.0>@endpoint_meta_data:get_endpoint_meta_for_ip:9 get endpoint meta for given ip:{192,168,10,2}
2019-02-19 16:38:52.082 [info] <0.1084.0>@se_endpoint_handler_ranch_protocol:create_sender_process:96 pid GlobalName <0.1085.0> "endpoint_sender_1"
2019-02-19 16:38:52.082 [info] <0.1084.0>@se_endpoint_handler_ranch_protocol:loop:54 Transport ranch_ssl
2019-02-19 16:38:52.083 [info] <0.1084.0>@se_endpoint_handler_ranch_protocol:loop:58 Length 82
2019-02-19 16:38:52.083 [info] <0.1084.0>@se_endpoint_handler_ranch_protocol:loop:61 Message <<3,0,0,1,0,0,1,0,0,17,0,0,1,0,0,0,0,0,1,0,0,16,0,0,0,0,0,0,0,0,0,0,0,0,0,0,0,0,0,0,0,0,0,0,0,0,0,0,0,0,0,0,24,0,0,0,1,0,8,1,0,0,8,1,57,57,57,57,48,49,49,51,49,52,55,51,0,4,0,9,1,49>>
2019-02-19 16:38:52.083 [info] <0.1084.0>@message_processor_group_client:dispatch_message:24 PID <27915.838.0> RetVal ok
2019-02-19 16:38:52.083 [info] <0.1084.0>@se_endpoint_handler_ranch_protocol:loop:54 Transport ranch_ssl
2019-02-19 16:38:52.109 [info] <0.1085.0>@endpoint_sender_genserver:send_data:151 Got msg from se_message_processor: <<0,132,3,0,0,1,0,0,1,0,0,1,153,153,153,0,0,0,0,0,1,0,0,16,0,0,0,0,0,0,0,0,0,0,0,0,0,0,0,0,0,0,0,0,0,0,0,0,0,0,0,0,0,0,24,16,0,0,1,0,10,1,0,0,8,1,57,57,57,57,48,49,49,51,49,52,55,51,0,0,0,4,0,9,1,1>>
2019-02-19 16:38:52.109 [info] <0.1085.0>@endpoint_sender_genserver:send_data:155 Time taken by se gateway to process this request 25789
2019-02-19 16:38:52.109 [info] <0.1085.0>@endpoint_sender_genserver:send_data:162 Data sent to client: ok
2019-02-19 16:38:52.112 [info] <0.743.0>@se_endpoint_handler_ranch_protocol:start_link:32 got connection se_endpoint_handler
2019-02-19 16:38:52.112 [info] <0.743.0>@se_endpoint_handler_ranch_protocol:start_link:34 Pid =<0.1087.0>
2019-02-19 16:38:52.112 [info] <0.1087.0>@se_endpoint_handler_ranch_protocol:init:38 going to accept {sslsocket,{gen_tcp,#Port<0.1341>,tls_connection,<0.745.0>},<0.1086.0>}
2019-02-19 16:38:52.165 [info] <0.1087.0>@se_endpoint_handler_ranch_protocol:ip_address:13 ip {192,168,12,4}, port 53852
2019-02-19 16:38:52.165 [info] <0.1087.0>@endpoint_meta_data:get_endpoint_meta_for_ip:9 get endpoint meta for given ip:{192,168,12,4}
2019-02-19 16:38:52.166 [info] <0.1087.0>@se_endpoint_handler_ranch_protocol:create_sender_process:96 pid GlobalName <0.1088.0> "endpoint_sender_5"
2019-02-19 16:38:52.166 [info] <0.1087.0>@se_endpoint_handler_ranch_protocol:loop:54 Transport ranch_ssl
2019-02-19 16:38:52.166 [info] <0.1087.0>@se_endpoint_handler_ranch_protocol:loop:58 Length 82
2019-02-19 16:38:52.167 [info] <0.1087.0>@se_endpoint_handler_ranch_protocol:loop:61 Message <<3,0,0,1,0,0,1,0,0,17,0,0,5,0,0,0,0,0,1,0,0,16,0,0,0,0,0,0,0,0,0,0,0,0,0,0,0,0,0,0,0,0,0,0,0,0,0,0,0,0,0,0,24,0,0,0,1,0,8,1,0,0,8,1,57,57,57,57,48,49,49,51,49,52,55,51,0,4,0,9,1,49>>
2019-02-19 16:38:52.167 [info] <0.1087.0>@message_processor_group_client:dispatch_message:24 PID <27915.830.0> RetVal ok
2019-02-19 16:38:52.167 [info] <0.1087.0>@se_endpoint_handler_ranch_protocol:loop:54 Transport ranch_ssl
2019-02-19 16:38:52.199 [info] <0.1088.0>@endpoint_sender_genserver:send_data:151 Got msg from se_message_processor: <<0,132,3,0,0,1,0,0,1,0,0,5,153,153,153,0,0,0,0,0,1,0,0,16,0,0,0,0,0,0,0,0,0,0,0,0,0,0,0,0,0,0,0,0,0,0,0,0,0,0,0,0,0,0,24,16,0,0,1,0,10,1,0,0,8,1,57,57,57,57,48,49,49,51,49,52,55,51,0,0,0,4,0,9,1,1>>
2019-02-19 16:38:52.199 [info] <0.1088.0>@endpoint_sender_genserver:send_data:155 Time taken by se gateway to process this request 32180
2019-02-19 16:38:52.199 [info] <0.1088.0>@endpoint_sender_genserver:send_data:162 Data sent to client: ok
2019-02-19 16:38:52.203 [info] <0.743.0>@se_endpoint_handler_ranch_protocol:start_link:32 got connection se_endpoint_handler
2019-02-19 16:38:52.203 [info] <0.743.0>@se_endpoint_handler_ranch_protocol:start_link:34 Pid =<0.1090.0>
2019-02-19 16:38:52.203 [info] <0.1090.0>@se_endpoint_handler_ranch_protocol:init:38 going to accept {sslsocket,{gen_tcp,#Port<0.1342>,tls_connection,<0.745.0>},<0.1089.0>}
2019-02-19 16:38:52.257 [info] <0.1090.0>@se_endpoint_handler_ranch_protocol:ip_address:13 ip {192,168,11,3}, port 48292
2019-02-19 16:38:52.257 [info] <0.1090.0>@endpoint_meta_data:get_endpoint_meta_for_ip:9 get endpoint meta for given ip:{192,168,11,3}
2019-02-19 16:38:52.260 [info] <0.1090.0>@se_endpoint_handler_ranch_protocol:create_sender_process:96 pid GlobalName <0.1091.0> "endpoint_sender_2"
2019-02-19 16:38:52.260 [info] <0.1090.0>@se_endpoint_handler_ranch_protocol:loop:54 Transport ranch_ssl
2019-02-19 16:38:52.260 [info] <0.1090.0>@se_endpoint_handler_ranch_protocol:loop:58 Length 82
2019-02-19 16:38:52.260 [info] <0.1090.0>@se_endpoint_handler_ranch_protocol:loop:61 Message <<3,0,0,1,0,0,1,0,0,17,0,0,2,0,0,0,0,0,1,0,0,16,0,0,0,0,0,0,0,0,0,0,0,0,0,0,0,0,0,0,0,0,0,0,0,0,0,0,0,0,0,0,24,0,0,0,1,0,8,1,0,0,8,1,57,57,57,57,48,49,49,51,49,52,55,51,0,4,0,9,1,50>>
2019-02-19 16:38:52.261 [info] <0.1090.0>@message_processor_group_client:dispatch_message:24 PID <27915.836.0> RetVal ok
2019-02-19 16:38:52.261 [info] <0.1090.0>@se_endpoint_handler_ranch_protocol:loop:54 Transport ranch_ssl
2019-02-19 16:38:52.292 [info] <0.1091.0>@endpoint_sender_genserver:send_data:151 Got msg from se_message_processor: <<0,132,3,0,0,1,0,0,1,0,0,2,153,153,153,0,0,0,0,0,1,0,0,16,0,0,0,0,0,0,0,0,0,0,0,0,0,0,0,0,0,0,0,0,0,0,0,0,0,0,0,0,0,0,24,16,0,0,1,0,10,1,0,0,8,1,57,57,57,57,48,49,49,51,49,52,55,51,0,0,0,4,0,9,1,2>>
2019-02-19 16:38:52.292 [info] <0.1091.0>@endpoint_sender_genserver:send_data:155 Time taken by se gateway to process this request 31112
2019-02-19 16:38:52.292 [info] <0.1091.0>@endpoint_sender_genserver:send_data:162 Data sent to client: ok
2019-02-19 16:38:52.299 [info] <0.743.0>@se_endpoint_handler_ranch_protocol:start_link:32 got connection se_endpoint_handler
2019-02-19 16:38:52.299 [info] <0.743.0>@se_endpoint_handler_ranch_protocol:start_link:34 Pid =<0.1093.0>
2019-02-19 16:38:52.299 [info] <0.1093.0>@se_endpoint_handler_ranch_protocol:init:38 going to accept {sslsocket,{gen_tcp,#Port<0.1343>,tls_connection,<0.745.0>},<0.1092.0>}
2019-02-19 16:38:52.351 [info] <0.1093.0>@se_endpoint_handler_ranch_protocol:ip_address:13 ip {192,168,22,14}, port 49178
2019-02-19 16:38:52.352 [info] <0.1093.0>@endpoint_meta_data:get_endpoint_meta_for_ip:9 get endpoint meta for given ip:{192,168,22,14}
2019-02-19 16:38:52.354 [info] <0.1093.0>@se_endpoint_handler_ranch_protocol:create_sender_process:96 pid GlobalName <0.1094.0> "endpoint_sender_3"
2019-02-19 16:38:52.354 [info] <0.1093.0>@se_endpoint_handler_ranch_protocol:loop:54 Transport ranch_ssl
2019-02-19 16:38:52.354 [info] <0.1093.0>@se_endpoint_handler_ranch_protocol:loop:58 Length 82
2019-02-19 16:38:52.354 [info] <0.1093.0>@se_endpoint_handler_ranch_protocol:loop:61 Message <<3,0,0,1,0,0,1,0,0,17,0,0,3,0,0,0,0,0,1,0,0,16,0,0,0,0,0,0,0,0,0,0,0,0,0,0,0,0,0,0,0,0,0,0,0,0,0,0,0,0,0,0,24,0,0,0,1,0,8,1,0,0,8,1,57,57,57,57,48,49,49,51,49,52,55,51,0,4,0,9,1,49>>
2019-02-19 16:38:52.354 [info] <0.1093.0>@message_processor_group_client:dispatch_message:24 PID <27915.832.0> RetVal ok
2019-02-19 16:38:52.354 [info] <0.1093.0>@se_endpoint_handler_ranch_protocol:loop:54 Transport ranch_ssl
2019-02-19 16:38:52.395 [info] <0.1094.0>@endpoint_sender_genserver:send_data:151 Got msg from se_message_processor: <<0,132,3,0,0,1,0,0,1,0,0,3,153,153,153,0,0,0,0,0,1,0,0,16,0,0,0,0,0,0,0,0,0,0,0,0,0,0,0,0,0,0,0,0,0,0,0,0,0,0,0,0,0,0,24,16,0,0,1,0,10,1,0,0,8,1,57,57,57,57,48,49,49,51,49,52,55,51,0,0,0,4,0,9,1,1>>
2019-02-19 16:38:52.395 [info] <0.1094.0>@endpoint_sender_genserver:send_data:155 Time taken by se gateway to process this request 41285
2019-02-19 16:38:52.403 [info] <0.1094.0>@endpoint_sender_genserver:send_data:162 Data sent to client: ok
2019-02-19 16:38:52.404 [info] <0.743.0>@se_endpoint_handler_ranch_protocol:start_link:32 got connection se_endpoint_handler
2019-02-19 16:38:52.404 [info] <0.743.0>@se_endpoint_handler_ranch_protocol:start_link:34 Pid =<0.1096.0>
2019-02-19 16:38:52.404 [info] <0.1096.0>@se_endpoint_handler_ranch_protocol:init:38 going to accept {sslsocket,{gen_tcp,#Port<0.1344>,tls_connection,<0.745.0>},<0.1095.0>}
2019-02-19 16:38:52.454 [info] <0.1096.0>@se_endpoint_handler_ranch_protocol:ip_address:13 ip {192,168,15,7}, port 58966
2019-02-19 16:38:52.454 [info] <0.1096.0>@endpoint_meta_data:get_endpoint_meta_for_ip:9 get endpoint meta for given ip:{192,168,15,7}
2019-02-19 16:38:52.456 [info] <0.1096.0>@se_endpoint_handler_ranch_protocol:create_sender_process:96 pid GlobalName <0.1097.0> "endpoint_sender_11"
2019-02-19 16:38:52.456 [info] <0.1096.0>@se_endpoint_handler_ranch_protocol:loop:54 Transport ranch_ssl
2019-02-19 16:38:52.456 [info] <0.1096.0>@se_endpoint_handler_ranch_protocol:loop:58 Length 76
2019-02-19 16:38:52.456 [info] <0.1096.0>@se_endpoint_handler_ranch_protocol:loop:61 Message <<3,0,0,1,0,0,1,0,0,0,0,0,17,0,0,0,0,0,1,0,0,16,0,0,0,0,0,0,0,0,0,0,0,0,0,0,0,0,0,0,0,0,0,0,0,0,0,0,0,0,0,0,24,0,0,0,1,0,8,0,0,0,8,1,57,57,49,48,52,50,54,55,57,52,54,50>>
2019-02-19 16:38:52.456 [info] <0.1096.0>@message_processor_group_client:dispatch_message:24 PID <27915.831.0> RetVal ok
2019-02-19 16:38:52.456 [info] <0.1096.0>@se_endpoint_handler_ranch_protocol:loop:54 Transport ranch_ssl
2019-02-19 16:38:52.498 [info] <0.1097.0>@endpoint_sender_genserver:send_data:151 Got msg from se_message_processor: <<0,120,3,0,0,1,0,0,1,0,0,17,153,153,153,0,0,0,0,0,1,0,0,16,0,0,0,0,0,0,0,0,0,0,0,0,0,0,0,0,0,0,0,0,0,0,0,0,0,0,0,0,0,0,24,16,0,0,1,0,10,0,0,0,8,1,57,57,49,48,52,50,54,55,57,52,54,50,0,0>>
2019-02-19 16:38:52.498 [info] <0.1097.0>@endpoint_sender_genserver:send_data:155 Time taken by se gateway to process this request 41272
2019-02-19 16:38:52.498 [info] <0.1097.0>@endpoint_sender_genserver:send_data:162 Data sent to client: ok
2019-02-19 16:38:52.501 [info] <0.743.0>@se_endpoint_handler_ranch_protocol:start_link:32 got connection se_endpoint_handler
2019-02-19 16:38:52.501 [info] <0.743.0>@se_endpoint_handler_ranch_protocol:start_link:34 Pid =<0.1099.0>
2019-02-19 16:38:52.501 [info] <0.1099.0>@se_endpoint_handler_ranch_protocol:init:38 going to accept {sslsocket,{gen_tcp,#Port<0.1345>,tls_connection,<0.745.0>},<0.1098.0>}
2019-02-19 16:38:52.551 [info] <0.1099.0>@se_endpoint_handler_ranch_protocol:ip_address:13 ip {192,168,23,15}, port 47448
2019-02-19 16:38:52.552 [info] <0.1099.0>@endpoint_meta_data:get_endpoint_meta_for_ip:9 get endpoint meta for given ip:{192,168,23,15}
2019-02-19 16:38:52.556 [info] <0.1099.0>@se_endpoint_handler_ranch_protocol:create_sender_process:96 pid GlobalName <0.1100.0> "endpoint_sender_23"
2019-02-19 16:38:52.556 [info] <0.1099.0>@se_endpoint_handler_ranch_protocol:loop:54 Transport ranch_ssl
2019-02-19 16:38:52.556 [info] <0.1099.0>@se_endpoint_handler_ranch_protocol:loop:58 Length 76
2019-02-19 16:38:52.556 [info] <0.1099.0>@se_endpoint_handler_ranch_protocol:loop:61 Message <<3,0,0,1,0,0,1,0,0,0,0,0,35,0,0,0,0,0,1,0,0,16,0,0,0,0,0,0,0,0,0,0,0,0,0,0,0,0,0,0,0,0,0,0,0,0,0,0,0,0,0,0,24,0,0,0,1,0,8,0,0,0,8,1,57,57,49,48,52,50,54,55,57,52,54,50>>
2019-02-19 16:38:52.556 [info] <0.1099.0>@message_processor_group_client:dispatch_message:24 PID <27915.839.0> RetVal ok
2019-02-19 16:38:52.556 [info] <0.1099.0>@se_endpoint_handler_ranch_protocol:loop:54 Transport ranch_ssl
2019-02-19 16:38:52.582 [info] <0.1100.0>@endpoint_sender_genserver:send_data:151 Got msg from se_message_processor: <<0,120,3,0,0,1,0,0,1,0,0,35,153,153,153,0,0,0,0,0,1,0,0,16,0,0,0,0,0,0,0,0,0,0,0,0,0,0,0,0,0,0,0,0,0,0,0,0,0,0,0,0,0,0,24,16,0,0,1,0,10,0,0,0,8,1,57,57,49,48,52,50,54,55,57,52,54,50,0,0>>
2019-02-19 16:38:52.582 [info] <0.1100.0>@endpoint_sender_genserver:send_data:155 Time taken by se gateway to process this request 25591
2019-02-19 16:38:52.582 [info] <0.1100.0>@endpoint_sender_genserver:send_data:162 Data sent to client: ok
2019-02-19 16:38:52.585 [info] <0.743.0>@se_endpoint_handler_ranch_protocol:start_link:32 got connection se_endpoint_handler
2019-02-19 16:38:52.585 [info] <0.743.0>@se_endpoint_handler_ranch_protocol:start_link:34 Pid =<0.1102.0>
2019-02-19 16:38:52.585 [info] <0.1102.0>@se_endpoint_handler_ranch_protocol:init:38 going to accept {sslsocket,{gen_tcp,#Port<0.1346>,tls_connection,<0.745.0>},<0.1101.0>}
2019-02-19 16:38:52.633 [info] <0.1102.0>@se_endpoint_handler_ranch_protocol:ip_address:13 ip {192,168,24,16}, port 42818
2019-02-19 16:38:52.633 [info] <0.1102.0>@endpoint_meta_data:get_endpoint_meta_for_ip:9 get endpoint meta for given ip:{192,168,24,16}
2019-02-19 16:38:52.636 [info] <0.1102.0>@se_endpoint_handler_ranch_protocol:create_sender_process:96 pid GlobalName <0.1103.0> "endpoint_sender_24"
2019-02-19 16:38:52.636 [info] <0.1102.0>@se_endpoint_handler_ranch_protocol:loop:54 Transport ranch_ssl
2019-02-19 16:38:52.636 [info] <0.1102.0>@se_endpoint_handler_ranch_protocol:loop:58 Length 76
2019-02-19 16:38:52.636 [info] <0.1102.0>@se_endpoint_handler_ranch_protocol:loop:61 Message <<3,0,0,1,0,0,1,0,0,0,0,0,36,0,0,0,0,0,1,0,0,16,0,0,0,0,0,0,0,0,0,0,0,0,0,0,0,0,0,0,0,0,0,0,0,0,0,0,0,0,0,0,24,0,0,0,1,0,8,0,0,0,8,1,57,57,49,48,52,50,54,55,57,52,54,50>>
2019-02-19 16:38:52.636 [info] <0.1102.0>@message_processor_group_client:dispatch_message:24 PID <27915.835.0> RetVal ok
2019-02-19 16:38:52.636 [info] <0.1102.0>@se_endpoint_handler_ranch_protocol:loop:54 Transport ranch_ssl
2019-02-19 16:38:52.666 [info] <0.1103.0>@endpoint_sender_genserver:send_data:151 Got msg from se_message_processor: <<0,120,3,0,0,1,0,0,1,0,0,36,153,153,153,0,0,0,0,0,1,0,0,16,0,0,0,0,0,0,0,0,0,0,0,0,0,0,0,0,0,0,0,0,0,0,0,0,0,0,0,0,0,0,24,16,0,0,1,0,10,0,0,0,8,1,57,57,49,48,52,50,54,55,57,52,54,50,0,0>>
2019-02-19 16:38:52.666 [info] <0.1103.0>@endpoint_sender_genserver:send_data:155 Time taken by se gateway to process this request 29708
2019-02-19 16:38:52.666 [info] <0.1103.0>@endpoint_sender_genserver:send_data:162 Data sent to client: ok
2019-02-19 16:38:52.808 [info] <0.1096.0>@se_endpoint_handler_ranch_protocol:loop:58 Length 331
2019-02-19 16:38:52.809 [info] <0.1096.0>@se_endpoint_handler_ranch_protocol:loop:61 Message <<3,0,0,1,0,0,1,0,0,0,0,0,17,0,0,0,0,0,1,0,0,16,0,0,0,0,0,0,0,0,0,0,0,0,0,0,0,0,0,0,0,0,0,0,0,0,0,0,0,0,0,0,18,0,112,52,7,65,41,232,152,0,22,34,32,17,137,18,52,21,24,1,0,0,0,0,0,1,0,1,18,52,86,24,3,32,1,1,1,34,6,50,49,48,53,48,49,50,49,48,49,48,48,0,0,2,0,96,17,6,57,48,48,48,48,52,57,37,54,51,49,53,56,56,49,48,48,50,56,54,49,56,57,54,94,51,55,56,50,57,56,50,51,48,48,49,50,51,52,53,54,55,56,57,63,70,57,57,57,50,50,49,56,53,54,55,55,51,2,1,49,50,51,52,53,54,55,56,49,50,51,52,53,54,55,56,49,50,51,52,53,54,55,84,69,83,84,78,65,77,69,32,79,70,32,77,69,82,67,72,65,78,84,49,50,51,77,85,77,66,65,73,88,88,88,88,88,88,88,77,72,73,78,119,37,66,54,51,49,53,56,56,49,48,48,50,56,54,49,56,57,54,94,68,65,84,69,83,47,71,76,79,86,69,83,32,32,32,83,81,85,65,84,32,32,32,32,32,32,32,32,32,32,32,32,94,51,55,56,50,57,56,50,51,48,48,49,48,63,70,49,49,49,48,48,48,48,51,48,48,48,8,64,181,10,170,158,15,77,72,182,48,49,48,49,48,49,48,49,48,49>>
2019-02-19 16:38:52.809 [info] <0.1096.0>@message_processor_group_client:dispatch_message:24 PID <27915.834.0> RetVal ok
2019-02-19 16:38:52.809 [info] <0.1096.0>@se_endpoint_handler_ranch_protocol:loop:54 Transport ranch_ssl
2019-02-19 16:38:52.996 [info] <0.1088.0>@endpoint_sender_genserver:send_data:151 Got msg from se_message_processor: <<3,121,3,0,0,1,0,0,1,0,0,5,0,0,17,0,0,0,0,0,1,0,0,16,0,0,0,1,35,25,5,4,1,50,151,0,1,7,134,0,0,0,0,0,0,0,0,0,0,0,0,0,0,0,18,0,112,52,7,65,41,237,152,0,22,34,32,17,137,18,52,21,24,1,0,0,0,0,0,1,0,1,18,52,86,24,3,32,1,1,1,34,6,50,49,48,53,48,49,50,49,48,49,48,48,0,0,2,0,96,17,6,57,48,48,48,48,52,57,37,54,51,49,53,56,56,49,48,48,50,56,54,49,56,57,54,94,51,55,56,50,57,56,50,51,48,48,49,50,51,52,53,54,55,56,57,63,70,57,57,57,50,50,49,56,53,54,55,55,51,2,1,49,50,51,52,53,54,55,56,49,50,51,52,53,54,55,56,49,50,51,52,53,54,55,84,69,83,84,78,65,77,69,32,79,70,32,77,69,82,67,72,65,78,84,49,50,51,77,85,77,66,65,73,88,88,88,88,88,88,88,77,72,73,78,119,37,66,54,51,49,53,56,56,49,48,48,50,56,54,49,56,57,54,94,68,65,84,69,83,47,71,76,79,86,69,83,32,32,32,83,81,85,65,84,32,32,32,32,32,32,32,32,32,32,32,32,94,51,55,56,50,57,56,50,51,48,48,49,48,63,70,49,49,49,48,48,48,48,51,48,48,48,0,20,50,55,48,49,44,50,55,48,51,44,50,55,49,49,0,48,0,1,35,1,35,25,5,4,1,50,151,0,1,8,80,0,5,1,78,0,17,1,77,0,23,4,52,52,48,48,8,64,4,167,135,126,38,228,248,253,48,49,48,49,48,49,48,49,48,49>>
2019-02-19 16:38:52.996 [info] <0.1088.0>@endpoint_sender_genserver:send_data:155 Time taken by se gateway to process this request 186956
2019-02-19 16:38:52.996 [info] <0.1088.0>@endpoint_sender_genserver:send_data:162 Data sent to client: ok
2019-02-19 16:38:53.130 [info] <0.1087.0>@se_endpoint_handler_ranch_protocol:loop:58 Length 247
2019-02-19 16:38:53.130 [info] <0.1087.0>@se_endpoint_handler_ranch_protocol:loop:61 Message <<3,0,0,1,0,0,1,0,0,17,0,0,5,0,0,0,0,0,1,0,0,16,0,0,0,1,35,25,5,4,1,50,151,0,1,7,134,0,0,0,0,0,0,0,0,0,0,0,0,0,0,0,18,16,112,48,7,65,14,229,128,0,22,34,32,17,137,18,52,21,24,1,0,0,0,0,0,1,0,1,18,52,86,24,3,32,1,1,1,50,49,48,53,48,49,50,49,48,49,48,48,0,0,2,0,96,17,6,57,48,48,48,48,52,57,57,57,50,50,49,56,53,54,55,55,51,49,50,51,52,53,54,0,0,49,50,51,52,53,54,55,56,49,50,51,52,53,54,55,56,49,50,51,52,53,54,55,84,69,83,84,78,65,77,69,32,79,70,32,77,69,82,67,72,65,78,84,49,50,51,77,85,77,66,65,73,88,88,88,88,88,88,88,77,72,73,78,0,20,50,55,48,49,44,50,55,48,51,44,50,55,49,49,0,48,0,1,35,1,35,25,5,4,1,50,151,0,1,8,80,0,5,1,78,0,17,1,77,0,23,4,52,52,48,48,8,64>>
2019-02-19 16:38:53.131 [info] <0.1087.0>@message_processor_group_client:dispatch_message:24 PID <27915.831.0> RetVal ok
2019-02-19 16:38:53.131 [info] <0.1087.0>@se_endpoint_handler_ranch_protocol:loop:54 Transport ranch_ssl
2019-02-19 16:38:53.277 [info] <0.1097.0>@endpoint_sender_genserver:send_data:151 Got msg from se_message_processor: <<2,71,3,0,0,1,0,0,1,0,0,17,0,0,5,0,0,0,0,0,1,0,0,16,0,0,0,1,35,25,5,4,1,50,151,0,1,7,134,0,0,0,0,0,0,0,0,0,0,0,0,0,0,0,18,16,112,48,7,65,14,229,128,0,22,34,32,17,137,18,52,21,24,1,0,0,0,0,0,1,0,1,18,52,86,24,3,32,1,1,1,50,49,48,53,48,49,50,49,48,49,48,48,0,0,2,0,96,17,6,57,48,48,48,48,52,57,57,57,50,50,49,56,53,54,55,55,51,49,50,51,52,53,54,0,0,49,50,51,52,53,54,55,56,49,50,51,52,53,54,55,56,49,50,51,52,53,54,55,84,69,83,84,78,65,77,69,32,79,70,32,77,69,82,67,72,65,78,84,49,50,51,77,85,77,66,65,73,88,88,88,88,88,88,88,77,72,73,78,0,20,50,55,48,49,44,50,55,48,51,44,50,55,49,49,0,48,0,1,35,1,35,25,5,4,1,50,151,0,1,8,80,0,5,1,78,0,17,1,77,0,23,4,52,52,48,48,8,64>>
2019-02-19 16:38:53.277 [info] <0.1097.0>@endpoint_sender_genserver:send_data:155 Time taken by se gateway to process this request 146176
2019-02-19 16:38:53.277 [info] <0.1097.0>@endpoint_sender_genserver:send_data:162 Data sent to client: ok
2019-02-19 16:38:53.289 [error] <0.1084.0>@se_endpoint_handler_ranch_protocol:loop:74 Error while receiving length bytes on socket {sslsocket,{gen_tcp,#Port<0.1340>,tls_connection,<0.745.0>},<0.1083.0>} :  closed
2019-02-19 16:38:53.289 [info] <0.1084.0>@endpoint_meta_data:get_endpoint_meta_for_ip:9 get endpoint meta for given ip:{192,168,10,2}
2019-02-19 16:38:53.289 [info] <0.1084.0>@se_endpoint_handler_ranch_protocol:remove_sender_process:101 going to stop "endpoint_sender_1"
2019-02-19 16:38:53.289 [info] <0.1085.0>@endpoint_sender_genserver:terminate:132 terminating <0.1085.0> because of normal
2019-02-19 16:38:53.289 [error] <0.1084.0> Ranch listener se_endpoint_handler terminated with reason: connection_closed
2019-02-19 16:38:54.290 [error] <0.1096.0>@se_endpoint_handler_ranch_protocol:loop:74 Error while receiving length bytes on socket {sslsocket,{gen_tcp,#Port<0.1344>,tls_connection,<0.745.0>},<0.1095.0>} :  closed
2019-02-19 16:38:54.290 [info] <0.1096.0>@endpoint_meta_data:get_endpoint_meta_for_ip:9 get endpoint meta for given ip:{192,168,15,7}
2019-02-19 16:38:54.290 [info] <0.1096.0>@se_endpoint_handler_ranch_protocol:remove_sender_process:101 going to stop "endpoint_sender_11"
2019-02-19 16:38:54.290 [info] <0.1097.0>@endpoint_sender_genserver:terminate:132 terminating <0.1097.0> because of normal
2019-02-19 16:38:54.290 [error] <0.1099.0>@se_endpoint_handler_ranch_protocol:loop:74 Error while receiving length bytes on socket {sslsocket,{gen_tcp,#Port<0.1345>,tls_connection,<0.745.0>},<0.1098.0>} :  closed
2019-02-19 16:38:54.290 [info] <0.1099.0>@endpoint_meta_data:get_endpoint_meta_for_ip:9 get endpoint meta for given ip:{192,168,23,15}
2019-02-19 16:38:54.290 [info] <0.1099.0>@se_endpoint_handler_ranch_protocol:remove_sender_process:101 going to stop "endpoint_sender_23"
2019-02-19 16:38:54.290 [error] <0.1096.0> Ranch listener se_endpoint_handler terminated with reason: connection_closed
2019-02-19 16:38:54.290 [info] <0.1100.0>@endpoint_sender_genserver:terminate:132 terminating <0.1100.0> because of normal
2019-02-19 16:38:54.290 [error] <0.1102.0>@se_endpoint_handler_ranch_protocol:loop:74 Error while receiving length bytes on socket {sslsocket,{gen_tcp,#Port<0.1346>,tls_connection,<0.745.0>},<0.1101.0>} :  closed
2019-02-19 16:38:54.290 [info] <0.1102.0>@endpoint_meta_data:get_endpoint_meta_for_ip:9 get endpoint meta for given ip:{192,168,24,16}
2019-02-19 16:38:54.290 [info] <0.1102.0>@se_endpoint_handler_ranch_protocol:remove_sender_process:101 going to stop "endpoint_sender_24"
2019-02-19 16:38:54.290 [info] <0.1103.0>@endpoint_sender_genserver:terminate:132 terminating <0.1103.0> because of normal
2019-02-19 16:38:54.291 [error] <0.1099.0> Ranch listener se_endpoint_handler terminated with reason: connection_closed
2019-02-19 16:38:54.291 [error] <0.1102.0> Ranch listener se_endpoint_handler terminated with reason: connection_closed
2019-02-19 16:38:56.305 [error] <0.1087.0>@se_endpoint_handler_ranch_protocol:loop:74 Error while receiving length bytes on socket {sslsocket,{gen_tcp,#Port<0.1341>,tls_connection,<0.745.0>},<0.1086.0>} :  closed
2019-02-19 16:38:56.305 [info] <0.1087.0>@endpoint_meta_data:get_endpoint_meta_for_ip:9 get endpoint meta for given ip:{192,168,12,4}
2019-02-19 16:38:56.305 [info] <0.1087.0>@se_endpoint_handler_ranch_protocol:remove_sender_process:101 going to stop "endpoint_sender_5"
2019-02-19 16:38:56.305 [info] <0.1088.0>@endpoint_sender_genserver:terminate:132 terminating <0.1088.0> because of normal
2019-02-19 16:38:56.305 [error] <0.1087.0> Ranch listener se_endpoint_handler terminated with reason: connection_closed
2019-02-19 16:38:56.307 [error] <0.1090.0>@se_endpoint_handler_ranch_protocol:loop:74 Error while receiving length bytes on socket {sslsocket,{gen_tcp,#Port<0.1342>,tls_connection,<0.745.0>},<0.1089.0>} :  closed
2019-02-19 16:38:56.307 [info] <0.1090.0>@endpoint_meta_data:get_endpoint_meta_for_ip:9 get endpoint meta for given ip:{192,168,11,3}
2019-02-19 16:38:56.307 [info] <0.1090.0>@se_endpoint_handler_ranch_protocol:remove_sender_process:101 going to stop "endpoint_sender_2"
2019-02-19 16:38:56.307 [info] <0.1091.0>@endpoint_sender_genserver:terminate:132 terminating <0.1091.0> because of normal
2019-02-19 16:38:56.307 [error] <0.1090.0> Ranch listener se_endpoint_handler terminated with reason: connection_closed
2019-02-19 16:38:56.308 [error] <0.1093.0>@se_endpoint_handler_ranch_protocol:loop:74 Error while receiving length bytes on socket {sslsocket,{gen_tcp,#Port<0.1343>,tls_connection,<0.745.0>},<0.1092.0>} :  closed
2019-02-19 16:38:56.308 [info] <0.1093.0>@endpoint_meta_data:get_endpoint_meta_for_ip:9 get endpoint meta for given ip:{192,168,22,14}
2019-02-19 16:38:56.308 [info] <0.1093.0>@se_endpoint_handler_ranch_protocol:remove_sender_process:101 going to stop "endpoint_sender_3"
2019-02-19 16:38:56.308 [info] <0.1094.0>@endpoint_sender_genserver:terminate:132 terminating <0.1094.0> because of normal
2019-02-19 16:38:56.308 [error] <0.1093.0> Ranch listener se_endpoint_handler terminated with reason: connection_closed
