2019-02-19 16:24:01.598 [info] <0.743.0>@se_endpoint_handler_ranch_protocol:start_link:32 got connection se_endpoint_handler
2019-02-19 16:24:01.598 [info] <0.743.0>@se_endpoint_handler_ranch_protocol:start_link:34 Pid =<0.964.0>
2019-02-19 16:24:01.598 [info] <0.964.0>@se_endpoint_handler_ranch_protocol:init:38 going to accept {sslsocket,{gen_tcp,#Port<0.1312>,tls_connection,<0.745.0>},<0.963.0>}
2019-02-19 16:24:01.684 [info] <0.964.0>@se_endpoint_handler_ranch_protocol:ip_address:13 ip {192,168,10,2}, port 40820
2019-02-19 16:24:01.684 [info] <0.964.0>@endpoint_meta_data:get_endpoint_meta_for_ip:9 get endpoint meta for given ip:{192,168,10,2}
2019-02-19 16:24:01.685 [info] <0.964.0>@se_endpoint_handler_ranch_protocol:create_sender_process:96 pid GlobalName <0.966.0> "endpoint_sender_1"
2019-02-19 16:24:01.685 [info] <0.964.0>@se_endpoint_handler_ranch_protocol:loop:54 Transport ranch_ssl
2019-02-19 16:24:01.686 [info] <0.964.0>@se_endpoint_handler_ranch_protocol:loop:58 Length 82
2019-02-19 16:24:01.686 [info] <0.964.0>@se_endpoint_handler_ranch_protocol:loop:61 Message <<3,0,0,1,0,0,1,0,0,17,0,0,1,0,0,0,0,0,1,0,0,16,0,0,0,0,0,0,0,0,0,0,0,0,0,0,0,0,0,0,0,0,0,0,0,0,0,0,0,0,0,0,24,0,0,0,1,0,8,1,0,0,8,1,57,57,49,48,51,50,54,56,55,56,48,51,0,4,0,9,1,49>>
2019-02-19 16:24:01.686 [info] <0.964.0>@message_processor_group_client:dispatch_message:24 PID <27915.837.0> RetVal ok
2019-02-19 16:24:01.686 [info] <0.964.0>@se_endpoint_handler_ranch_protocol:loop:54 Transport ranch_ssl
2019-02-19 16:24:01.722 [info] <0.966.0>@endpoint_sender_genserver:send_data:151 Got msg from se_message_processor: <<0,132,3,0,0,1,0,0,1,0,0,1,153,153,153,0,0,0,0,0,1,0,0,16,0,0,0,0,0,0,0,0,0,0,0,0,0,0,0,0,0,0,0,0,0,0,0,0,0,0,0,0,0,0,24,16,0,0,1,0,10,1,0,0,8,1,57,57,49,48,51,50,54,56,55,56,48,51,0,0,0,4,0,9,1,1>>
2019-02-19 16:24:01.722 [info] <0.966.0>@endpoint_sender_genserver:send_data:155 Time taken by se gateway to process this request 36169
2019-02-19 16:24:01.723 [info] <0.966.0>@endpoint_sender_genserver:send_data:162 Data sent to client: ok
2019-02-19 16:24:01.726 [info] <0.743.0>@se_endpoint_handler_ranch_protocol:start_link:32 got connection se_endpoint_handler
2019-02-19 16:24:01.726 [info] <0.743.0>@se_endpoint_handler_ranch_protocol:start_link:34 Pid =<0.968.0>
2019-02-19 16:24:01.726 [info] <0.968.0>@se_endpoint_handler_ranch_protocol:init:38 going to accept {sslsocket,{gen_tcp,#Port<0.1313>,tls_connection,<0.745.0>},<0.967.0>}
2019-02-19 16:24:01.776 [info] <0.968.0>@se_endpoint_handler_ranch_protocol:ip_address:13 ip {192,168,12,4}, port 53791
2019-02-19 16:24:01.776 [info] <0.968.0>@endpoint_meta_data:get_endpoint_meta_for_ip:9 get endpoint meta for given ip:{192,168,12,4}
2019-02-19 16:24:01.778 [info] <0.968.0>@se_endpoint_handler_ranch_protocol:create_sender_process:96 pid GlobalName <0.969.0> "endpoint_sender_5"
2019-02-19 16:24:01.778 [info] <0.968.0>@se_endpoint_handler_ranch_protocol:loop:54 Transport ranch_ssl
2019-02-19 16:24:01.778 [info] <0.968.0>@se_endpoint_handler_ranch_protocol:loop:58 Length 82
2019-02-19 16:24:01.778 [info] <0.968.0>@se_endpoint_handler_ranch_protocol:loop:61 Message <<3,0,0,1,0,0,1,0,0,17,0,0,5,0,0,0,0,0,1,0,0,16,0,0,0,0,0,0,0,0,0,0,0,0,0,0,0,0,0,0,0,0,0,0,0,0,0,0,0,0,0,0,24,0,0,0,1,0,8,1,0,0,8,1,57,57,49,48,51,50,54,56,55,56,48,51,0,4,0,9,1,49>>
2019-02-19 16:24:01.778 [info] <0.968.0>@message_processor_group_client:dispatch_message:24 PID <27915.833.0> RetVal ok
2019-02-19 16:24:01.778 [info] <0.968.0>@se_endpoint_handler_ranch_protocol:loop:54 Transport ranch_ssl
2019-02-19 16:24:01.810 [info] <0.969.0>@endpoint_sender_genserver:send_data:151 Got msg from se_message_processor: <<0,132,3,0,0,1,0,0,1,0,0,5,153,153,153,0,0,0,0,0,1,0,0,16,0,0,0,0,0,0,0,0,0,0,0,0,0,0,0,0,0,0,0,0,0,0,0,0,0,0,0,0,0,0,24,16,0,0,1,0,10,1,0,0,8,1,57,57,49,48,51,50,54,56,55,56,48,51,0,0,0,4,0,9,1,1>>
2019-02-19 16:24:01.810 [info] <0.969.0>@endpoint_sender_genserver:send_data:155 Time taken by se gateway to process this request 31392
2019-02-19 16:24:01.810 [info] <0.969.0>@endpoint_sender_genserver:send_data:162 Data sent to client: ok
2019-02-19 16:24:01.813 [info] <0.743.0>@se_endpoint_handler_ranch_protocol:start_link:32 got connection se_endpoint_handler
2019-02-19 16:24:01.813 [info] <0.743.0>@se_endpoint_handler_ranch_protocol:start_link:34 Pid =<0.971.0>
2019-02-19 16:24:01.813 [info] <0.971.0>@se_endpoint_handler_ranch_protocol:init:38 going to accept {sslsocket,{gen_tcp,#Port<0.1314>,tls_connection,<0.745.0>},<0.970.0>}
2019-02-19 16:24:01.863 [info] <0.971.0>@se_endpoint_handler_ranch_protocol:ip_address:13 ip {192,168,11,3}, port 48230
2019-02-19 16:24:01.863 [info] <0.971.0>@endpoint_meta_data:get_endpoint_meta_for_ip:9 get endpoint meta for given ip:{192,168,11,3}
2019-02-19 16:24:01.865 [info] <0.971.0>@se_endpoint_handler_ranch_protocol:create_sender_process:96 pid GlobalName <0.972.0> "endpoint_sender_2"
2019-02-19 16:24:01.865 [info] <0.971.0>@se_endpoint_handler_ranch_protocol:loop:54 Transport ranch_ssl
2019-02-19 16:24:01.865 [info] <0.971.0>@se_endpoint_handler_ranch_protocol:loop:58 Length 82
2019-02-19 16:24:01.865 [info] <0.971.0>@se_endpoint_handler_ranch_protocol:loop:61 Message <<3,0,0,1,0,0,1,0,0,17,0,0,2,0,0,0,0,0,1,0,0,16,0,0,0,0,0,0,0,0,0,0,0,0,0,0,0,0,0,0,0,0,0,0,0,0,0,0,0,0,0,0,24,0,0,0,1,0,8,1,0,0,8,1,57,57,49,48,51,50,54,56,55,56,48,51,0,4,0,9,1,50>>
2019-02-19 16:24:01.865 [info] <0.971.0>@message_processor_group_client:dispatch_message:24 PID <27915.833.0> RetVal ok
2019-02-19 16:24:01.865 [info] <0.971.0>@se_endpoint_handler_ranch_protocol:loop:54 Transport ranch_ssl
2019-02-19 16:24:01.901 [info] <0.972.0>@endpoint_sender_genserver:send_data:151 Got msg from se_message_processor: <<0,132,3,0,0,1,0,0,1,0,0,2,153,153,153,0,0,0,0,0,1,0,0,16,0,0,0,0,0,0,0,0,0,0,0,0,0,0,0,0,0,0,0,0,0,0,0,0,0,0,0,0,0,0,24,16,0,0,1,0,10,1,0,0,8,1,57,57,49,48,51,50,54,56,55,56,48,51,0,0,0,4,0,9,1,2>>
2019-02-19 16:24:01.901 [info] <0.972.0>@endpoint_sender_genserver:send_data:155 Time taken by se gateway to process this request 35713
2019-02-19 16:24:01.901 [info] <0.972.0>@endpoint_sender_genserver:send_data:162 Data sent to client: ok
2019-02-19 16:24:01.905 [info] <0.743.0>@se_endpoint_handler_ranch_protocol:start_link:32 got connection se_endpoint_handler
2019-02-19 16:24:01.905 [info] <0.743.0>@se_endpoint_handler_ranch_protocol:start_link:34 Pid =<0.974.0>
2019-02-19 16:24:01.905 [info] <0.974.0>@se_endpoint_handler_ranch_protocol:init:38 going to accept {sslsocket,{gen_tcp,#Port<0.1315>,tls_connection,<0.745.0>},<0.973.0>}
2019-02-19 16:24:01.958 [info] <0.974.0>@se_endpoint_handler_ranch_protocol:ip_address:13 ip {192,168,22,14}, port 49116
2019-02-19 16:24:01.958 [info] <0.974.0>@endpoint_meta_data:get_endpoint_meta_for_ip:9 get endpoint meta for given ip:{192,168,22,14}
2019-02-19 16:24:01.960 [info] <0.974.0>@se_endpoint_handler_ranch_protocol:create_sender_process:96 pid GlobalName <0.975.0> "endpoint_sender_3"
2019-02-19 16:24:01.960 [info] <0.974.0>@se_endpoint_handler_ranch_protocol:loop:54 Transport ranch_ssl
2019-02-19 16:24:01.960 [info] <0.974.0>@se_endpoint_handler_ranch_protocol:loop:58 Length 82
2019-02-19 16:24:01.960 [info] <0.974.0>@se_endpoint_handler_ranch_protocol:loop:61 Message <<3,0,0,1,0,0,1,0,0,17,0,0,3,0,0,0,0,0,1,0,0,16,0,0,0,0,0,0,0,0,0,0,0,0,0,0,0,0,0,0,0,0,0,0,0,0,0,0,0,0,0,0,24,0,0,0,1,0,8,1,0,0,8,1,57,57,49,48,51,50,54,56,55,56,48,51,0,4,0,9,1,49>>
2019-02-19 16:24:01.960 [info] <0.974.0>@message_processor_group_client:dispatch_message:24 PID <27915.832.0> RetVal ok
2019-02-19 16:24:01.960 [info] <0.974.0>@se_endpoint_handler_ranch_protocol:loop:54 Transport ranch_ssl
2019-02-19 16:24:01.995 [info] <0.975.0>@endpoint_sender_genserver:send_data:151 Got msg from se_message_processor: <<0,132,3,0,0,1,0,0,1,0,0,3,153,153,153,0,0,0,0,0,1,0,0,16,0,0,0,0,0,0,0,0,0,0,0,0,0,0,0,0,0,0,0,0,0,0,0,0,0,0,0,0,0,0,24,16,0,0,1,0,10,1,0,0,8,1,57,57,49,48,51,50,54,56,55,56,48,51,0,0,0,4,0,9,1,1>>
2019-02-19 16:24:01.995 [info] <0.975.0>@endpoint_sender_genserver:send_data:155 Time taken by se gateway to process this request 34762
2019-02-19 16:24:01.995 [info] <0.975.0>@endpoint_sender_genserver:send_data:162 Data sent to client: ok
2019-02-19 16:24:01.998 [info] <0.743.0>@se_endpoint_handler_ranch_protocol:start_link:32 got connection se_endpoint_handler
2019-02-19 16:24:01.998 [info] <0.743.0>@se_endpoint_handler_ranch_protocol:start_link:34 Pid =<0.977.0>
2019-02-19 16:24:01.998 [info] <0.977.0>@se_endpoint_handler_ranch_protocol:init:38 going to accept {sslsocket,{gen_tcp,#Port<0.1316>,tls_connection,<0.745.0>},<0.976.0>}
2019-02-19 16:24:02.056 [info] <0.977.0>@se_endpoint_handler_ranch_protocol:ip_address:13 ip {192,168,15,7}, port 58904
2019-02-19 16:24:02.056 [info] <0.977.0>@endpoint_meta_data:get_endpoint_meta_for_ip:9 get endpoint meta for given ip:{192,168,15,7}
2019-02-19 16:24:02.057 [info] <0.977.0>@se_endpoint_handler_ranch_protocol:create_sender_process:96 pid GlobalName <0.978.0> "endpoint_sender_11"
2019-02-19 16:24:02.057 [info] <0.977.0>@se_endpoint_handler_ranch_protocol:loop:54 Transport ranch_ssl
2019-02-19 16:24:02.057 [info] <0.977.0>@se_endpoint_handler_ranch_protocol:loop:58 Length 76
2019-02-19 16:24:02.057 [info] <0.977.0>@se_endpoint_handler_ranch_protocol:loop:61 Message <<3,0,0,1,0,0,1,0,0,0,0,0,17,0,0,0,0,0,1,0,0,16,0,0,0,0,0,0,0,0,0,0,0,0,0,0,0,0,0,0,0,0,0,0,0,0,0,0,0,0,0,0,24,0,0,0,1,0,8,0,0,0,8,1,57,57,49,54,54,50,56,56,57,56,56,48>>
2019-02-19 16:24:02.057 [info] <0.977.0>@message_processor_group_client:dispatch_message:24 PID <27915.833.0> RetVal ok
2019-02-19 16:24:02.058 [info] <0.977.0>@se_endpoint_handler_ranch_protocol:loop:54 Transport ranch_ssl
2019-02-19 16:24:02.081 [info] <0.978.0>@endpoint_sender_genserver:send_data:151 Got msg from se_message_processor: <<0,120,3,0,0,1,0,0,1,0,0,17,153,153,153,0,0,0,0,0,1,0,0,16,0,0,0,0,0,0,0,0,0,0,0,0,0,0,0,0,0,0,0,0,0,0,0,0,0,0,0,0,0,0,24,16,0,0,1,0,10,0,0,0,8,1,57,57,49,54,54,50,56,56,57,56,56,48,0,0>>
2019-02-19 16:24:02.081 [info] <0.978.0>@endpoint_sender_genserver:send_data:155 Time taken by se gateway to process this request 23553
2019-02-19 16:24:02.082 [info] <0.978.0>@endpoint_sender_genserver:send_data:162 Data sent to client: ok
2019-02-19 16:24:02.092 [info] <0.743.0>@se_endpoint_handler_ranch_protocol:start_link:32 got connection se_endpoint_handler
2019-02-19 16:24:02.092 [info] <0.743.0>@se_endpoint_handler_ranch_protocol:start_link:34 Pid =<0.980.0>
2019-02-19 16:24:02.092 [info] <0.980.0>@se_endpoint_handler_ranch_protocol:init:38 going to accept {sslsocket,{gen_tcp,#Port<0.1317>,tls_connection,<0.745.0>},<0.979.0>}
2019-02-19 16:24:02.152 [info] <0.980.0>@se_endpoint_handler_ranch_protocol:ip_address:13 ip {192,168,23,15}, port 47386
2019-02-19 16:24:02.152 [info] <0.980.0>@endpoint_meta_data:get_endpoint_meta_for_ip:9 get endpoint meta for given ip:{192,168,23,15}
2019-02-19 16:24:02.156 [info] <0.980.0>@se_endpoint_handler_ranch_protocol:create_sender_process:96 pid GlobalName <0.981.0> "endpoint_sender_23"
2019-02-19 16:24:02.156 [info] <0.980.0>@se_endpoint_handler_ranch_protocol:loop:54 Transport ranch_ssl
2019-02-19 16:24:02.156 [info] <0.980.0>@se_endpoint_handler_ranch_protocol:loop:58 Length 76
2019-02-19 16:24:02.156 [info] <0.980.0>@se_endpoint_handler_ranch_protocol:loop:61 Message <<3,0,0,1,0,0,1,0,0,0,0,0,35,0,0,0,0,0,1,0,0,16,0,0,0,0,0,0,0,0,0,0,0,0,0,0,0,0,0,0,0,0,0,0,0,0,0,0,0,0,0,0,24,0,0,0,1,0,8,0,0,0,8,1,57,57,49,54,54,50,56,56,57,56,56,48>>
2019-02-19 16:24:02.156 [info] <0.980.0>@message_processor_group_client:dispatch_message:24 PID <27915.831.0> RetVal ok
2019-02-19 16:24:02.156 [info] <0.980.0>@se_endpoint_handler_ranch_protocol:loop:54 Transport ranch_ssl
2019-02-19 16:24:02.186 [info] <0.981.0>@endpoint_sender_genserver:send_data:151 Got msg from se_message_processor: <<0,120,3,0,0,1,0,0,1,0,0,35,153,153,153,0,0,0,0,0,1,0,0,16,0,0,0,0,0,0,0,0,0,0,0,0,0,0,0,0,0,0,0,0,0,0,0,0,0,0,0,0,0,0,24,16,0,0,1,0,10,0,0,0,8,1,57,57,49,54,54,50,56,56,57,56,56,48,0,0>>
2019-02-19 16:24:02.186 [info] <0.981.0>@endpoint_sender_genserver:send_data:155 Time taken by se gateway to process this request 30012
2019-02-19 16:24:02.187 [info] <0.981.0>@endpoint_sender_genserver:send_data:162 Data sent to client: ok
2019-02-19 16:24:02.253 [info] <0.743.0>@se_endpoint_handler_ranch_protocol:start_link:32 got connection se_endpoint_handler
2019-02-19 16:24:02.254 [info] <0.743.0>@se_endpoint_handler_ranch_protocol:start_link:34 Pid =<0.983.0>
2019-02-19 16:24:02.254 [info] <0.983.0>@se_endpoint_handler_ranch_protocol:init:38 going to accept {sslsocket,{gen_tcp,#Port<0.1318>,tls_connection,<0.745.0>},<0.982.0>}
2019-02-19 16:24:02.269 [info] <0.983.0>@se_endpoint_handler_ranch_protocol:ip_address:13 ip {192,168,24,16}, port 42756
2019-02-19 16:24:02.269 [info] <0.983.0>@endpoint_meta_data:get_endpoint_meta_for_ip:9 get endpoint meta for given ip:{192,168,24,16}
2019-02-19 16:24:02.271 [info] <0.983.0>@se_endpoint_handler_ranch_protocol:create_sender_process:96 pid GlobalName <0.984.0> "endpoint_sender_24"
2019-02-19 16:24:02.271 [info] <0.983.0>@se_endpoint_handler_ranch_protocol:loop:54 Transport ranch_ssl
2019-02-19 16:24:02.271 [info] <0.983.0>@se_endpoint_handler_ranch_protocol:loop:58 Length 76
2019-02-19 16:24:02.271 [info] <0.983.0>@se_endpoint_handler_ranch_protocol:loop:61 Message <<3,0,0,1,0,0,1,0,0,0,0,0,36,0,0,0,0,0,1,0,0,16,0,0,0,0,0,0,0,0,0,0,0,0,0,0,0,0,0,0,0,0,0,0,0,0,0,0,0,0,0,0,24,0,0,0,1,0,8,0,0,0,8,1,57,57,49,54,54,50,56,56,57,56,56,48>>
2019-02-19 16:24:02.272 [info] <0.983.0>@message_processor_group_client:dispatch_message:24 PID <27915.830.0> RetVal ok
2019-02-19 16:24:02.272 [info] <0.983.0>@se_endpoint_handler_ranch_protocol:loop:54 Transport ranch_ssl
2019-02-19 16:24:02.311 [info] <0.984.0>@endpoint_sender_genserver:send_data:151 Got msg from se_message_processor: <<0,120,3,0,0,1,0,0,1,0,0,36,153,153,153,0,0,0,0,0,1,0,0,16,0,0,0,0,0,0,0,0,0,0,0,0,0,0,0,0,0,0,0,0,0,0,0,0,0,0,0,0,0,0,24,16,0,0,1,0,10,0,0,0,8,1,57,57,49,54,54,50,56,56,57,56,56,48,0,0>>
2019-02-19 16:24:02.311 [info] <0.984.0>@endpoint_sender_genserver:send_data:155 Time taken by se gateway to process this request 39571
2019-02-19 16:24:02.311 [info] <0.984.0>@endpoint_sender_genserver:send_data:162 Data sent to client: ok
2019-02-19 16:24:02.460 [info] <0.977.0>@se_endpoint_handler_ranch_protocol:loop:58 Length 331
2019-02-19 16:24:02.461 [info] <0.977.0>@se_endpoint_handler_ranch_protocol:loop:61 Message <<3,0,0,1,0,0,1,0,0,0,0,0,17,0,0,0,0,0,1,0,0,16,0,0,0,0,0,0,0,0,0,0,0,0,0,0,0,0,0,0,0,0,0,0,0,0,0,0,0,0,0,0,18,0,112,52,7,65,41,232,152,0,22,34,32,17,137,18,52,21,24,0,0,0,0,0,0,1,0,1,18,52,86,24,3,32,1,1,1,34,6,53,49,48,49,48,49,53,49,48,51,48,48,0,0,2,0,73,0,6,57,48,48,48,48,52,57,37,54,51,49,53,56,56,49,48,48,50,56,54,49,56,57,54,94,51,55,56,50,57,56,50,51,48,48,49,50,51,52,53,54,55,56,57,63,70,57,57,49,52,51,48,50,52,56,54,49,48,2,1,49,50,51,52,53,54,55,56,49,50,51,52,53,54,55,56,49,50,51,52,53,54,55,84,69,83,84,78,65,77,69,32,79,70,32,77,69,82,67,72,65,78,84,49,50,51,77,85,77,66,65,73,88,88,88,88,88,88,88,77,72,73,78,119,37,66,54,51,49,53,56,56,49,48,48,50,56,54,49,56,57,54,94,68,65,84,69,83,47,71,76,79,86,69,83,32,32,32,83,81,85,65,84,32,32,32,32,32,32,32,32,32,32,32,32,94,51,55,56,50,57,56,50,51,48,48,49,48,63,70,49,49,49,48,48,48,48,51,48,48,48,8,64,181,10,170,158,15,77,72,182,48,49,48,49,48,49,48,49,48,49>>
2019-02-19 16:24:02.461 [info] <0.977.0>@message_processor_group_client:dispatch_message:24 PID <27915.834.0> RetVal ok
2019-02-19 16:24:02.461 [info] <0.977.0>@se_endpoint_handler_ranch_protocol:loop:54 Transport ranch_ssl
2019-02-19 16:24:02.630 [info] <0.969.0>@endpoint_sender_genserver:send_data:151 Got msg from se_message_processor: <<3,121,3,0,0,1,0,0,1,0,0,5,0,0,17,0,0,0,0,0,1,0,0,16,0,0,0,1,35,25,5,3,146,66,84,0,0,144,146,0,0,0,0,0,0,0,0,0,0,0,0,0,0,0,18,0,112,52,7,65,41,237,152,0,22,34,32,17,137,18,52,21,24,0,0,0,0,0,0,1,0,1,18,52,86,24,3,32,1,1,1,34,6,53,49,48,49,48,49,53,49,48,51,48,48,0,0,2,0,73,0,6,57,48,48,48,48,52,57,37,54,51,49,53,56,56,49,48,48,50,56,54,49,56,57,54,94,51,55,56,50,57,56,50,51,48,48,49,50,51,52,53,54,55,56,57,63,70,57,57,49,52,51,48,50,52,56,54,49,48,2,1,49,50,51,52,53,54,55,56,49,50,51,52,53,54,55,56,49,50,51,52,53,54,55,84,69,83,84,78,65,77,69,32,79,70,32,77,69,82,67,72,65,78,84,49,50,51,77,85,77,66,65,73,88,88,88,88,88,88,88,77,72,73,78,119,37,66,54,51,49,53,56,56,49,48,48,50,56,54,49,56,57,54,94,68,65,84,69,83,47,71,76,79,86,69,83,32,32,32,83,81,85,65,84,32,32,32,32,32,32,32,32,32,32,32,32,94,51,55,56,50,57,56,50,51,48,48,49,48,63,70,49,49,49,48,48,48,48,51,48,48,48,0,20,50,55,48,49,44,50,55,48,51,44,50,55,49,49,0,48,0,1,35,1,35,25,5,3,146,66,84,0,0,145,86,0,5,1,78,0,17,1,77,0,23,4,49,56,48,48,8,64,4,167,135,126,38,228,248,253,48,49,48,49,48,49,48,49,48,49>>
2019-02-19 16:24:02.630 [info] <0.969.0>@endpoint_sender_genserver:send_data:155 Time taken by se gateway to process this request 169460
2019-02-19 16:24:02.630 [info] <0.969.0>@endpoint_sender_genserver:send_data:162 Data sent to client: ok
2019-02-19 16:24:02.745 [info] <0.968.0>@se_endpoint_handler_ranch_protocol:loop:58 Length 247
2019-02-19 16:24:02.745 [info] <0.968.0>@se_endpoint_handler_ranch_protocol:loop:61 Message <<3,0,0,1,0,0,1,0,0,17,0,0,5,0,0,0,0,0,1,0,0,16,0,0,0,1,35,25,5,3,146,66,84,0,0,144,146,0,0,0,0,0,0,0,0,0,0,0,0,0,0,0,18,16,112,48,7,65,14,229,128,0,22,34,32,17,137,18,52,21,24,0,0,0,0,0,0,1,0,1,18,52,86,24,3,32,1,1,1,53,49,48,49,48,49,53,49,48,51,48,48,0,0,2,0,73,0,6,57,48,48,48,48,52,57,57,49,52,51,48,50,52,56,54,49,48,49,50,51,52,53,54,0,0,49,50,51,52,53,54,55,56,49,50,51,52,53,54,55,56,49,50,51,52,53,54,55,84,69,83,84,78,65,77,69,32,79,70,32,77,69,82,67,72,65,78,84,49,50,51,77,85,77,66,65,73,88,88,88,88,88,88,88,77,72,73,78,0,20,50,55,48,49,44,50,55,48,51,44,50,55,49,49,0,48,0,1,35,1,35,25,5,3,146,66,84,0,0,145,86,0,5,1,78,0,17,1,77,0,23,4,49,56,48,48,8,64>>
2019-02-19 16:24:02.745 [info] <0.968.0>@message_processor_group_client:dispatch_message:24 PID <27915.838.0> RetVal ok
2019-02-19 16:24:02.745 [info] <0.968.0>@se_endpoint_handler_ranch_protocol:loop:54 Transport ranch_ssl
2019-02-19 16:24:02.910 [info] <0.978.0>@endpoint_sender_genserver:send_data:151 Got msg from se_message_processor: <<2,71,3,0,0,1,0,0,1,0,0,17,0,0,5,0,0,0,0,0,1,0,0,16,0,0,0,1,35,25,5,3,146,66,84,0,0,144,146,0,0,0,0,0,0,0,0,0,0,0,0,0,0,0,18,16,112,48,7,65,14,229,128,0,22,34,32,17,137,18,52,21,24,0,0,0,0,0,0,1,0,1,18,52,86,24,3,32,1,1,1,53,49,48,49,48,49,53,49,48,51,48,48,0,0,2,0,73,0,6,57,48,48,48,48,52,57,57,49,52,51,48,50,52,56,54,49,48,49,50,51,52,53,54,0,0,49,50,51,52,53,54,55,56,49,50,51,52,53,54,55,56,49,50,51,52,53,54,55,84,69,83,84,78,65,77,69,32,79,70,32,77,69,82,67,72,65,78,84,49,50,51,77,85,77,66,65,73,88,88,88,88,88,88,88,77,72,73,78,0,20,50,55,48,49,44,50,55,48,51,44,50,55,49,49,0,48,0,1,35,1,35,25,5,3,146,66,84,0,0,145,86,0,5,1,78,0,17,1,77,0,23,4,49,56,48,48,8,64>>
2019-02-19 16:24:02.910 [info] <0.978.0>@endpoint_sender_genserver:send_data:155 Time taken by se gateway to process this request 164293
2019-02-19 16:24:02.910 [info] <0.978.0>@endpoint_sender_genserver:send_data:162 Data sent to client: ok
2019-02-19 16:24:02.926 [error] <0.964.0>@se_endpoint_handler_ranch_protocol:loop:74 Error while receiving length bytes on socket {sslsocket,{gen_tcp,#Port<0.1312>,tls_connection,<0.745.0>},<0.963.0>} :  closed
2019-02-19 16:24:02.926 [info] <0.964.0>@endpoint_meta_data:get_endpoint_meta_for_ip:9 get endpoint meta for given ip:{192,168,10,2}
2019-02-19 16:24:02.926 [info] <0.964.0>@se_endpoint_handler_ranch_protocol:remove_sender_process:101 going to stop "endpoint_sender_1"
2019-02-19 16:24:02.926 [info] <0.966.0>@endpoint_sender_genserver:terminate:132 terminating <0.966.0> because of normal
2019-02-19 16:24:02.927 [error] <0.964.0> Ranch listener se_endpoint_handler terminated with reason: connection_closed
2019-02-19 16:24:03.929 [error] <0.977.0>@se_endpoint_handler_ranch_protocol:loop:74 Error while receiving length bytes on socket {sslsocket,{gen_tcp,#Port<0.1316>,tls_connection,<0.745.0>},<0.976.0>} :  closed
2019-02-19 16:24:03.929 [info] <0.977.0>@endpoint_meta_data:get_endpoint_meta_for_ip:9 get endpoint meta for given ip:{192,168,15,7}
2019-02-19 16:24:03.929 [info] <0.977.0>@se_endpoint_handler_ranch_protocol:remove_sender_process:101 going to stop "endpoint_sender_11"
2019-02-19 16:24:03.929 [info] <0.978.0>@endpoint_sender_genserver:terminate:132 terminating <0.978.0> because of normal
2019-02-19 16:24:03.930 [error] <0.977.0> Ranch listener se_endpoint_handler terminated with reason: connection_closed
2019-02-19 16:24:03.931 [error] <0.980.0>@se_endpoint_handler_ranch_protocol:loop:74 Error while receiving length bytes on socket {sslsocket,{gen_tcp,#Port<0.1317>,tls_connection,<0.745.0>},<0.979.0>} :  closed
2019-02-19 16:24:03.931 [info] <0.980.0>@endpoint_meta_data:get_endpoint_meta_for_ip:9 get endpoint meta for given ip:{192,168,23,15}
2019-02-19 16:24:03.931 [info] <0.980.0>@se_endpoint_handler_ranch_protocol:remove_sender_process:101 going to stop "endpoint_sender_23"
2019-02-19 16:24:03.931 [info] <0.981.0>@endpoint_sender_genserver:terminate:132 terminating <0.981.0> because of normal
2019-02-19 16:24:03.933 [error] <0.980.0> Ranch listener se_endpoint_handler terminated with reason: connection_closed
2019-02-19 16:24:03.933 [error] <0.983.0>@se_endpoint_handler_ranch_protocol:loop:74 Error while receiving length bytes on socket {sslsocket,{gen_tcp,#Port<0.1318>,tls_connection,<0.745.0>},<0.982.0>} :  closed
2019-02-19 16:24:03.933 [info] <0.983.0>@endpoint_meta_data:get_endpoint_meta_for_ip:9 get endpoint meta for given ip:{192,168,24,16}
2019-02-19 16:24:03.934 [info] <0.983.0>@se_endpoint_handler_ranch_protocol:remove_sender_process:101 going to stop "endpoint_sender_24"
2019-02-19 16:24:03.935 [info] <0.984.0>@endpoint_sender_genserver:terminate:132 terminating <0.984.0> because of normal
2019-02-19 16:24:03.935 [error] <0.983.0> Ranch listener se_endpoint_handler terminated with reason: connection_closed
2019-02-19 16:24:05.943 [error] <0.968.0>@se_endpoint_handler_ranch_protocol:loop:74 Error while receiving length bytes on socket {sslsocket,{gen_tcp,#Port<0.1313>,tls_connection,<0.745.0>},<0.967.0>} :  closed
2019-02-19 16:24:05.943 [info] <0.968.0>@endpoint_meta_data:get_endpoint_meta_for_ip:9 get endpoint meta for given ip:{192,168,12,4}
2019-02-19 16:24:05.943 [info] <0.968.0>@se_endpoint_handler_ranch_protocol:remove_sender_process:101 going to stop "endpoint_sender_5"
2019-02-19 16:24:05.943 [error] <0.974.0>@se_endpoint_handler_ranch_protocol:loop:74 Error while receiving length bytes on socket {sslsocket,{gen_tcp,#Port<0.1315>,tls_connection,<0.745.0>},<0.973.0>} :  closed
2019-02-19 16:24:05.943 [info] <0.974.0>@endpoint_meta_data:get_endpoint_meta_for_ip:9 get endpoint meta for given ip:{192,168,22,14}
2019-02-19 16:24:05.943 [info] <0.974.0>@se_endpoint_handler_ranch_protocol:remove_sender_process:101 going to stop "endpoint_sender_3"
2019-02-19 16:24:05.943 [info] <0.969.0>@endpoint_sender_genserver:terminate:132 terminating <0.969.0> because of normal
2019-02-19 16:24:05.943 [error] <0.971.0>@se_endpoint_handler_ranch_protocol:loop:74 Error while receiving length bytes on socket {sslsocket,{gen_tcp,#Port<0.1314>,tls_connection,<0.745.0>},<0.970.0>} :  closed
2019-02-19 16:24:05.943 [info] <0.971.0>@endpoint_meta_data:get_endpoint_meta_for_ip:9 get endpoint meta for given ip:{192,168,11,3}
2019-02-19 16:24:05.943 [info] <0.971.0>@se_endpoint_handler_ranch_protocol:remove_sender_process:101 going to stop "endpoint_sender_2"
2019-02-19 16:24:05.943 [error] <0.968.0> Ranch listener se_endpoint_handler terminated with reason: connection_closed
2019-02-19 16:24:05.944 [info] <0.975.0>@endpoint_sender_genserver:terminate:132 terminating <0.975.0> because of normal
2019-02-19 16:24:05.944 [info] <0.972.0>@endpoint_sender_genserver:terminate:132 terminating <0.972.0> because of normal
2019-02-19 16:24:05.944 [error] <0.974.0> Ranch listener se_endpoint_handler terminated with reason: connection_closed
2019-02-19 16:24:05.944 [error] <0.971.0> Ranch listener se_endpoint_handler terminated with reason: connection_closed
