2019-02-27 15:31:34.176 [info] <0.743.0>@se_endpoint_handler_ranch_protocol:start_link:32 got connection se_endpoint_handler
2019-02-27 15:31:34.176 [info] <0.743.0>@se_endpoint_handler_ranch_protocol:start_link:34 Pid =<0.829.0>
2019-02-27 15:31:34.176 [info] <0.829.0>@se_endpoint_handler_ranch_protocol:init:38 going to accept {sslsocket,{gen_tcp,#Port<0.1297>,tls_connection,<0.745.0>},<0.828.0>}
2019-02-27 15:31:34.290 [info] <0.829.0>@se_endpoint_handler_ranch_protocol:ip_address:13 ip {192,168,10,2}, port 44278
2019-02-27 15:31:34.290 [info] <0.829.0>@endpoint_meta_data:get_endpoint_meta_for_ip:9 get endpoint meta for given ip:{192,168,10,2}
2019-02-27 15:31:34.291 [info] <0.829.0>@se_endpoint_handler_ranch_protocol:create_sender_process:96 pid GlobalName <0.830.0> "endpoint_sender_1"
2019-02-27 15:31:34.291 [info] <0.829.0>@se_endpoint_handler_ranch_protocol:loop:54 Transport ranch_ssl
2019-02-27 15:31:34.294 [info] <0.829.0>@se_endpoint_handler_ranch_protocol:loop:58 Length 82
2019-02-27 15:31:34.294 [info] <0.829.0>@se_endpoint_handler_ranch_protocol:loop:61 Message <<3,0,0,1,0,0,1,0,0,17,0,0,1,0,0,0,0,0,1,0,0,16,0,0,0,0,0,0,0,0,0,0,0,0,0,0,0,0,0,0,0,0,0,0,0,0,0,0,0,0,0,0,24,0,0,0,1,0,8,1,0,0,8,1,57,57,49,48,51,49,56,56,51,56,49,54,0,4,0,9,1,49>>
2019-02-27 15:31:34.294 [info] <0.829.0>@message_processor_group_client:dispatch_message:24 PID <27915.835.0> RetVal ok
2019-02-27 15:31:34.294 [info] <0.829.0>@se_endpoint_handler_ranch_protocol:loop:54 Transport ranch_ssl
2019-02-27 15:31:34.344 [info] <0.830.0>@endpoint_sender_genserver:send_data:151 Got msg from se_message_processor: <<0,132,3,0,0,1,0,0,1,0,0,1,153,153,153,0,0,0,0,0,1,0,0,16,0,0,0,0,0,0,0,0,0,0,0,0,0,0,0,0,0,0,0,0,0,0,0,0,0,0,0,0,0,0,24,16,0,0,1,0,10,1,0,0,8,1,57,57,49,48,51,49,56,56,51,56,49,54,0,0,0,4,0,9,1,1>>
2019-02-27 15:31:34.344 [info] <0.830.0>@endpoint_sender_genserver:send_data:155 Time taken by se gateway to process this request 50235
2019-02-27 15:31:34.344 [info] <0.830.0>@endpoint_sender_genserver:send_data:162 Data sent to client: ok
2019-02-27 15:31:34.347 [info] <0.743.0>@se_endpoint_handler_ranch_protocol:start_link:32 got connection se_endpoint_handler
2019-02-27 15:31:34.347 [info] <0.743.0>@se_endpoint_handler_ranch_protocol:start_link:34 Pid =<0.832.0>
2019-02-27 15:31:34.347 [info] <0.832.0>@se_endpoint_handler_ranch_protocol:init:38 going to accept {sslsocket,{gen_tcp,#Port<0.1298>,tls_connection,<0.745.0>},<0.831.0>}
2019-02-27 15:31:34.397 [info] <0.832.0>@se_endpoint_handler_ranch_protocol:ip_address:13 ip {192,168,12,4}, port 51358
2019-02-27 15:31:34.397 [info] <0.832.0>@endpoint_meta_data:get_endpoint_meta_for_ip:9 get endpoint meta for given ip:{192,168,12,4}
2019-02-27 15:31:34.398 [info] <0.832.0>@se_endpoint_handler_ranch_protocol:create_sender_process:96 pid GlobalName <0.833.0> "endpoint_sender_5"
2019-02-27 15:31:34.398 [info] <0.832.0>@se_endpoint_handler_ranch_protocol:loop:54 Transport ranch_ssl
2019-02-27 15:31:34.398 [info] <0.832.0>@se_endpoint_handler_ranch_protocol:loop:58 Length 82
2019-02-27 15:31:34.398 [info] <0.832.0>@se_endpoint_handler_ranch_protocol:loop:61 Message <<3,0,0,1,0,0,1,0,0,17,0,0,5,0,0,0,0,0,1,0,0,16,0,0,0,0,0,0,0,0,0,0,0,0,0,0,0,0,0,0,0,0,0,0,0,0,0,0,0,0,0,0,24,0,0,0,1,0,8,1,0,0,8,1,57,57,49,48,51,49,56,56,51,56,49,54,0,4,0,9,1,49>>
2019-02-27 15:31:34.398 [info] <0.832.0>@message_processor_group_client:dispatch_message:24 PID <27915.833.0> RetVal ok
2019-02-27 15:31:34.398 [info] <0.832.0>@se_endpoint_handler_ranch_protocol:loop:54 Transport ranch_ssl
2019-02-27 15:31:34.429 [info] <0.833.0>@endpoint_sender_genserver:send_data:151 Got msg from se_message_processor: <<0,132,3,0,0,1,0,0,1,0,0,5,153,153,153,0,0,0,0,0,1,0,0,16,0,0,0,0,0,0,0,0,0,0,0,0,0,0,0,0,0,0,0,0,0,0,0,0,0,0,0,0,0,0,24,16,0,0,1,0,10,1,0,0,8,1,57,57,49,48,51,49,56,56,51,56,49,54,0,0,0,4,0,9,1,1>>
2019-02-27 15:31:34.429 [info] <0.833.0>@endpoint_sender_genserver:send_data:155 Time taken by se gateway to process this request 30898
2019-02-27 15:31:34.429 [info] <0.833.0>@endpoint_sender_genserver:send_data:162 Data sent to client: ok
2019-02-27 15:31:34.433 [info] <0.743.0>@se_endpoint_handler_ranch_protocol:start_link:32 got connection se_endpoint_handler
2019-02-27 15:31:34.433 [info] <0.743.0>@se_endpoint_handler_ranch_protocol:start_link:34 Pid =<0.835.0>
2019-02-27 15:31:34.433 [info] <0.835.0>@se_endpoint_handler_ranch_protocol:init:38 going to accept {sslsocket,{gen_tcp,#Port<0.1299>,tls_connection,<0.745.0>},<0.834.0>}
2019-02-27 15:31:34.491 [info] <0.835.0>@se_endpoint_handler_ranch_protocol:ip_address:13 ip {192,168,11,3}, port 46340
2019-02-27 15:31:34.491 [info] <0.835.0>@endpoint_meta_data:get_endpoint_meta_for_ip:9 get endpoint meta for given ip:{192,168,11,3}
2019-02-27 15:31:34.493 [info] <0.835.0>@se_endpoint_handler_ranch_protocol:create_sender_process:96 pid GlobalName <0.836.0> "endpoint_sender_2"
2019-02-27 15:31:34.493 [info] <0.835.0>@se_endpoint_handler_ranch_protocol:loop:54 Transport ranch_ssl
2019-02-27 15:31:34.493 [info] <0.835.0>@se_endpoint_handler_ranch_protocol:loop:58 Length 82
2019-02-27 15:31:34.493 [info] <0.835.0>@se_endpoint_handler_ranch_protocol:loop:61 Message <<3,0,0,1,0,0,1,0,0,17,0,0,2,0,0,0,0,0,1,0,0,16,0,0,0,0,0,0,0,0,0,0,0,0,0,0,0,0,0,0,0,0,0,0,0,0,0,0,0,0,0,0,24,0,0,0,1,0,8,1,0,0,8,1,57,57,49,48,51,49,56,56,51,56,49,54,0,4,0,9,1,50>>
2019-02-27 15:31:34.493 [info] <0.835.0>@message_processor_group_client:dispatch_message:24 PID <27915.833.0> RetVal ok
2019-02-27 15:31:34.494 [info] <0.835.0>@se_endpoint_handler_ranch_protocol:loop:54 Transport ranch_ssl
2019-02-27 15:31:34.527 [info] <0.836.0>@endpoint_sender_genserver:send_data:151 Got msg from se_message_processor: <<0,132,3,0,0,1,0,0,1,0,0,2,153,153,153,0,0,0,0,0,1,0,0,16,0,0,0,0,0,0,0,0,0,0,0,0,0,0,0,0,0,0,0,0,0,0,0,0,0,0,0,0,0,0,24,16,0,0,1,0,10,1,0,0,8,1,57,57,49,48,51,49,56,56,51,56,49,54,0,0,0,4,0,9,1,2>>
2019-02-27 15:31:34.527 [info] <0.836.0>@endpoint_sender_genserver:send_data:155 Time taken by se gateway to process this request 33749
2019-02-27 15:31:34.527 [info] <0.836.0>@endpoint_sender_genserver:send_data:162 Data sent to client: ok
2019-02-27 15:31:34.530 [info] <0.743.0>@se_endpoint_handler_ranch_protocol:start_link:32 got connection se_endpoint_handler
2019-02-27 15:31:34.530 [info] <0.743.0>@se_endpoint_handler_ranch_protocol:start_link:34 Pid =<0.838.0>
2019-02-27 15:31:34.530 [info] <0.838.0>@se_endpoint_handler_ranch_protocol:init:38 going to accept {sslsocket,{gen_tcp,#Port<0.1300>,tls_connection,<0.745.0>},<0.837.0>}
2019-02-27 15:31:34.586 [info] <0.838.0>@se_endpoint_handler_ranch_protocol:ip_address:13 ip {192,168,22,14}, port 40982
2019-02-27 15:31:34.586 [info] <0.838.0>@endpoint_meta_data:get_endpoint_meta_for_ip:9 get endpoint meta for given ip:{192,168,22,14}
2019-02-27 15:31:34.588 [info] <0.838.0>@se_endpoint_handler_ranch_protocol:create_sender_process:96 pid GlobalName <0.839.0> "endpoint_sender_3"
2019-02-27 15:31:34.588 [info] <0.838.0>@se_endpoint_handler_ranch_protocol:loop:54 Transport ranch_ssl
2019-02-27 15:31:34.588 [info] <0.838.0>@se_endpoint_handler_ranch_protocol:loop:58 Length 82
2019-02-27 15:31:34.589 [info] <0.838.0>@se_endpoint_handler_ranch_protocol:loop:61 Message <<3,0,0,1,0,0,1,0,0,17,0,0,3,0,0,0,0,0,1,0,0,16,0,0,0,0,0,0,0,0,0,0,0,0,0,0,0,0,0,0,0,0,0,0,0,0,0,0,0,0,0,0,24,0,0,0,1,0,8,1,0,0,8,1,57,57,49,48,51,49,56,56,51,56,49,54,0,4,0,9,1,49>>
2019-02-27 15:31:34.589 [info] <0.838.0>@message_processor_group_client:dispatch_message:24 PID <27915.831.0> RetVal ok
2019-02-27 15:31:34.589 [info] <0.838.0>@se_endpoint_handler_ranch_protocol:loop:54 Transport ranch_ssl
2019-02-27 15:31:34.721 [info] <0.839.0>@endpoint_sender_genserver:send_data:151 Got msg from se_message_processor: <<0,132,3,0,0,1,0,0,1,0,0,3,153,153,153,0,0,0,0,0,1,0,0,16,0,0,0,0,0,0,0,0,0,0,0,0,0,0,0,0,0,0,0,0,0,0,0,0,0,0,0,0,0,0,24,16,0,0,1,0,10,1,0,0,8,1,57,57,49,48,51,49,56,56,51,56,49,54,0,0,0,4,0,9,1,1>>
2019-02-27 15:31:34.721 [info] <0.839.0>@endpoint_sender_genserver:send_data:155 Time taken by se gateway to process this request 132050
2019-02-27 15:31:34.721 [info] <0.839.0>@endpoint_sender_genserver:send_data:162 Data sent to client: ok
2019-02-27 15:31:34.733 [info] <0.743.0>@se_endpoint_handler_ranch_protocol:start_link:32 got connection se_endpoint_handler
2019-02-27 15:31:34.733 [info] <0.743.0>@se_endpoint_handler_ranch_protocol:start_link:34 Pid =<0.841.0>
2019-02-27 15:31:34.734 [info] <0.841.0>@se_endpoint_handler_ranch_protocol:init:38 going to accept {sslsocket,{gen_tcp,#Port<0.1301>,tls_connection,<0.745.0>},<0.840.0>}
2019-02-27 15:31:34.824 [info] <0.841.0>@se_endpoint_handler_ranch_protocol:ip_address:13 ip {192,168,15,7}, port 49020
2019-02-27 15:31:34.824 [info] <0.841.0>@endpoint_meta_data:get_endpoint_meta_for_ip:9 get endpoint meta for given ip:{192,168,15,7}
2019-02-27 15:31:34.825 [info] <0.841.0>@se_endpoint_handler_ranch_protocol:create_sender_process:96 pid GlobalName <0.842.0> "endpoint_sender_11"
2019-02-27 15:31:34.825 [info] <0.841.0>@se_endpoint_handler_ranch_protocol:loop:54 Transport ranch_ssl
2019-02-27 15:31:34.826 [info] <0.841.0>@se_endpoint_handler_ranch_protocol:loop:58 Length 76
2019-02-27 15:31:34.826 [info] <0.841.0>@se_endpoint_handler_ranch_protocol:loop:61 Message <<3,0,0,1,0,0,1,0,0,0,0,0,17,0,0,0,0,0,1,0,0,16,0,0,0,0,0,0,0,0,0,0,0,0,0,0,0,0,0,0,0,0,0,0,0,0,0,0,0,0,0,0,24,0,0,0,1,0,8,0,0,0,8,1,57,57,57,50,54,52,52,54,56,50,53,54>>
2019-02-27 15:31:34.826 [info] <0.841.0>@message_processor_group_client:dispatch_message:24 PID <27915.837.0> RetVal ok
2019-02-27 15:31:34.826 [info] <0.841.0>@se_endpoint_handler_ranch_protocol:loop:54 Transport ranch_ssl
2019-02-27 15:31:34.848 [info] <0.842.0>@endpoint_sender_genserver:send_data:151 Got msg from se_message_processor: <<0,120,3,0,0,1,0,0,1,0,0,17,153,153,153,0,0,0,0,0,1,0,0,16,0,0,0,0,0,0,0,0,0,0,0,0,0,0,0,0,0,0,0,0,0,0,0,0,0,0,0,0,0,0,24,16,0,0,1,0,10,0,0,0,8,1,57,57,57,50,54,52,52,54,56,50,53,54,0,0>>
2019-02-27 15:31:34.848 [info] <0.842.0>@endpoint_sender_genserver:send_data:155 Time taken by se gateway to process this request 22215
2019-02-27 15:31:34.848 [info] <0.842.0>@endpoint_sender_genserver:send_data:162 Data sent to client: ok
2019-02-27 15:31:34.852 [info] <0.743.0>@se_endpoint_handler_ranch_protocol:start_link:32 got connection se_endpoint_handler
2019-02-27 15:31:34.852 [info] <0.743.0>@se_endpoint_handler_ranch_protocol:start_link:34 Pid =<0.844.0>
2019-02-27 15:31:34.852 [info] <0.844.0>@se_endpoint_handler_ranch_protocol:init:38 going to accept {sslsocket,{gen_tcp,#Port<0.1302>,tls_connection,<0.745.0>},<0.843.0>}
2019-02-27 15:31:34.902 [info] <0.844.0>@se_endpoint_handler_ranch_protocol:ip_address:13 ip {192,168,23,15}, port 55108
2019-02-27 15:31:34.902 [info] <0.844.0>@endpoint_meta_data:get_endpoint_meta_for_ip:9 get endpoint meta for given ip:{192,168,23,15}
2019-02-27 15:31:34.903 [info] <0.844.0>@se_endpoint_handler_ranch_protocol:create_sender_process:96 pid GlobalName <0.845.0> "endpoint_sender_23"
2019-02-27 15:31:34.903 [info] <0.844.0>@se_endpoint_handler_ranch_protocol:loop:54 Transport ranch_ssl
2019-02-27 15:31:34.903 [info] <0.844.0>@se_endpoint_handler_ranch_protocol:loop:58 Length 76
2019-02-27 15:31:34.903 [info] <0.844.0>@se_endpoint_handler_ranch_protocol:loop:61 Message <<3,0,0,1,0,0,1,0,0,0,0,0,35,0,0,0,0,0,1,0,0,16,0,0,0,0,0,0,0,0,0,0,0,0,0,0,0,0,0,0,0,0,0,0,0,0,0,0,0,0,0,0,24,0,0,0,1,0,8,0,0,0,8,1,57,57,57,50,54,52,52,54,56,50,53,54>>
2019-02-27 15:31:34.903 [info] <0.844.0>@message_processor_group_client:dispatch_message:24 PID <27915.836.0> RetVal ok
2019-02-27 15:31:34.903 [info] <0.844.0>@se_endpoint_handler_ranch_protocol:loop:54 Transport ranch_ssl
2019-02-27 15:31:34.933 [info] <0.845.0>@endpoint_sender_genserver:send_data:151 Got msg from se_message_processor: <<0,120,3,0,0,1,0,0,1,0,0,35,153,153,153,0,0,0,0,0,1,0,0,16,0,0,0,0,0,0,0,0,0,0,0,0,0,0,0,0,0,0,0,0,0,0,0,0,0,0,0,0,0,0,24,16,0,0,1,0,10,0,0,0,8,1,57,57,57,50,54,52,52,54,56,50,53,54,0,0>>
2019-02-27 15:31:34.933 [info] <0.845.0>@endpoint_sender_genserver:send_data:155 Time taken by se gateway to process this request 29646
2019-02-27 15:31:34.933 [info] <0.845.0>@endpoint_sender_genserver:send_data:162 Data sent to client: ok
2019-02-27 15:31:34.936 [info] <0.743.0>@se_endpoint_handler_ranch_protocol:start_link:32 got connection se_endpoint_handler
2019-02-27 15:31:34.936 [info] <0.743.0>@se_endpoint_handler_ranch_protocol:start_link:34 Pid =<0.847.0>
2019-02-27 15:31:34.936 [info] <0.847.0>@se_endpoint_handler_ranch_protocol:init:38 going to accept {sslsocket,{gen_tcp,#Port<0.1303>,tls_connection,<0.745.0>},<0.846.0>}
2019-02-27 15:31:34.985 [info] <0.847.0>@se_endpoint_handler_ranch_protocol:ip_address:13 ip {192,168,24,16}, port 57546
2019-02-27 15:31:34.985 [info] <0.847.0>@endpoint_meta_data:get_endpoint_meta_for_ip:9 get endpoint meta for given ip:{192,168,24,16}
2019-02-27 15:31:34.988 [info] <0.847.0>@se_endpoint_handler_ranch_protocol:create_sender_process:96 pid GlobalName <0.848.0> "endpoint_sender_24"
2019-02-27 15:31:34.988 [info] <0.847.0>@se_endpoint_handler_ranch_protocol:loop:54 Transport ranch_ssl
2019-02-27 15:31:34.991 [info] <0.847.0>@se_endpoint_handler_ranch_protocol:loop:58 Length 76
2019-02-27 15:31:34.992 [info] <0.847.0>@se_endpoint_handler_ranch_protocol:loop:61 Message <<3,0,0,1,0,0,1,0,0,0,0,0,36,0,0,0,0,0,1,0,0,16,0,0,0,0,0,0,0,0,0,0,0,0,0,0,0,0,0,0,0,0,0,0,0,0,0,0,0,0,0,0,24,0,0,0,1,0,8,0,0,0,8,1,57,57,57,50,54,52,52,54,56,50,53,54>>
2019-02-27 15:31:34.992 [info] <0.847.0>@message_processor_group_client:dispatch_message:24 PID <27915.835.0> RetVal ok
2019-02-27 15:31:34.992 [info] <0.847.0>@se_endpoint_handler_ranch_protocol:loop:54 Transport ranch_ssl
2019-02-27 15:31:35.258 [info] <0.848.0>@endpoint_sender_genserver:send_data:151 Got msg from se_message_processor: <<0,120,3,0,0,1,0,0,1,0,0,36,153,153,153,0,0,0,0,0,1,0,0,16,0,0,0,0,0,0,0,0,0,0,0,0,0,0,0,0,0,0,0,0,0,0,0,0,0,0,0,0,0,0,24,16,0,0,1,0,10,0,0,0,8,1,57,57,57,50,54,52,52,54,56,50,53,54,0,0>>
2019-02-27 15:31:35.258 [info] <0.848.0>@endpoint_sender_genserver:send_data:155 Time taken by se gateway to process this request 266340
2019-02-27 15:31:35.258 [info] <0.848.0>@endpoint_sender_genserver:send_data:162 Data sent to client: ok
2019-02-27 15:31:35.368 [info] <0.841.0>@se_endpoint_handler_ranch_protocol:loop:58 Length 331
2019-02-27 15:31:35.369 [info] <0.841.0>@se_endpoint_handler_ranch_protocol:loop:61 Message <<3,0,0,1,0,0,1,0,0,0,0,0,17,0,0,0,0,0,1,0,0,16,0,0,0,0,0,0,0,0,0,0,0,0,0,0,0,0,0,0,0,0,0,0,0,0,0,0,0,0,0,0,18,0,112,52,7,65,41,232,152,0,22,34,32,17,137,18,52,21,24,1,0,0,0,0,0,9,153,153,18,52,86,24,3,32,1,1,1,34,6,50,49,48,53,48,49,50,49,48,49,48,48,0,0,2,0,96,17,6,57,48,48,48,48,52,57,37,54,51,49,53,56,56,49,48,48,50,56,54,49,56,57,54,94,51,55,56,50,57,56,50,51,48,48,49,50,51,52,53,54,55,56,57,63,70,57,57,49,55,48,55,51,56,49,55,56,54,2,1,49,50,51,52,53,54,55,56,49,50,51,52,53,54,55,56,49,50,51,52,53,54,55,84,69,83,84,78,65,77,69,32,79,70,32,77,69,82,67,72,65,78,84,49,50,51,77,85,77,66,65,73,88,88,88,88,88,88,88,77,72,73,78,119,37,66,54,51,49,53,56,56,49,48,48,50,56,54,49,56,57,54,94,68,65,84,69,83,47,71,76,79,86,69,83,32,32,32,83,81,85,65,84,32,32,32,32,32,32,32,32,32,32,32,32,94,51,55,56,50,57,56,50,51,48,48,49,48,63,70,49,49,49,48,48,48,48,51,48,48,48,8,64,181,10,170,158,15,77,72,182,48,49,48,49,48,49,48,49,48,49>>
2019-02-27 15:31:35.369 [info] <0.841.0>@message_processor_group_client:dispatch_message:24 PID <27915.839.0> RetVal ok
2019-02-27 15:31:35.369 [info] <0.841.0>@se_endpoint_handler_ranch_protocol:loop:54 Transport ranch_ssl
2019-02-27 15:31:35.710 [info] <0.842.0>@endpoint_sender_genserver:send_data:151 Got msg from se_message_processor: <<2,23,3,0,0,1,0,0,1,0,0,17,153,153,153,0,0,0,0,0,1,0,0,16,0,0,0,1,35,25,5,131,96,149,65,0,0,36,52,0,0,0,0,0,0,0,0,0,0,0,0,0,0,0,18,16,112,48,7,65,11,229,128,0,22,34,32,17,137,18,52,21,24,1,0,0,0,0,0,9,153,153,18,52,86,24,3,32,1,1,1,50,49,48,53,48,49,50,49,48,49,48,48,0,0,2,0,96,17,6,57,48,48,48,48,52,57,57,49,55,48,55,51,56,49,55,56,54,9,4,2,1,49,50,51,52,53,54,55,56,49,50,51,52,53,54,55,56,49,50,51,52,53,54,55,84,69,83,84,78,65,77,69,32,79,70,32,77,69,82,67,72,65,78,84,49,50,51,77,85,77,66,65,73,88,88,88,88,88,88,88,77,72,73,78,0,3,57,55,52,0,21,0,1,35,1,35,25,5,131,96,149,65,0,0,36,152,8,64>>
2019-02-27 15:31:35.710 [info] <0.842.0>@endpoint_sender_genserver:send_data:155 Time taken by se gateway to process this request 341264
2019-02-27 15:31:35.711 [info] <0.842.0>@endpoint_sender_genserver:send_data:162 Data sent to client: ok
2019-02-27 15:32:35.440 [error] <0.832.0>@se_endpoint_handler_ranch_protocol:loop:74 Error while receiving length bytes on socket {sslsocket,{gen_tcp,#Port<0.1298>,tls_connection,<0.745.0>},<0.831.0>} :  closed
2019-02-27 15:32:35.440 [info] <0.832.0>@endpoint_meta_data:get_endpoint_meta_for_ip:9 get endpoint meta for given ip:{192,168,12,4}
2019-02-27 15:32:35.440 [info] <0.832.0>@se_endpoint_handler_ranch_protocol:remove_sender_process:101 going to stop "endpoint_sender_5"
2019-02-27 15:32:35.440 [info] <0.833.0>@endpoint_sender_genserver:terminate:132 terminating <0.833.0> because of normal
2019-02-27 15:32:35.441 [error] <0.832.0> Ranch listener se_endpoint_handler terminated with reason: connection_closed
2019-02-27 15:32:35.477 [error] <0.829.0>@se_endpoint_handler_ranch_protocol:loop:74 Error while receiving length bytes on socket {sslsocket,{gen_tcp,#Port<0.1297>,tls_connection,<0.745.0>},<0.828.0>} :  closed
2019-02-27 15:32:35.477 [info] <0.829.0>@endpoint_meta_data:get_endpoint_meta_for_ip:9 get endpoint meta for given ip:{192,168,10,2}
2019-02-27 15:32:35.477 [info] <0.829.0>@se_endpoint_handler_ranch_protocol:remove_sender_process:101 going to stop "endpoint_sender_1"
2019-02-27 15:32:35.477 [info] <0.830.0>@endpoint_sender_genserver:terminate:132 terminating <0.830.0> because of normal
2019-02-27 15:32:35.477 [error] <0.829.0> Ranch listener se_endpoint_handler terminated with reason: connection_closed
2019-02-27 15:32:36.479 [error] <0.841.0>@se_endpoint_handler_ranch_protocol:loop:74 Error while receiving length bytes on socket {sslsocket,{gen_tcp,#Port<0.1301>,tls_connection,<0.745.0>},<0.840.0>} :  closed
2019-02-27 15:32:36.479 [info] <0.841.0>@endpoint_meta_data:get_endpoint_meta_for_ip:9 get endpoint meta for given ip:{192,168,15,7}
2019-02-27 15:32:36.479 [info] <0.841.0>@se_endpoint_handler_ranch_protocol:remove_sender_process:101 going to stop "endpoint_sender_11"
2019-02-27 15:32:36.479 [info] <0.842.0>@endpoint_sender_genserver:terminate:132 terminating <0.842.0> because of normal
2019-02-27 15:32:36.479 [error] <0.844.0>@se_endpoint_handler_ranch_protocol:loop:74 Error while receiving length bytes on socket {sslsocket,{gen_tcp,#Port<0.1302>,tls_connection,<0.745.0>},<0.843.0>} :  closed
2019-02-27 15:32:36.480 [info] <0.844.0>@endpoint_meta_data:get_endpoint_meta_for_ip:9 get endpoint meta for given ip:{192,168,23,15}
2019-02-27 15:32:36.480 [info] <0.844.0>@se_endpoint_handler_ranch_protocol:remove_sender_process:101 going to stop "endpoint_sender_23"
2019-02-27 15:32:36.480 [info] <0.845.0>@endpoint_sender_genserver:terminate:132 terminating <0.845.0> because of normal
2019-02-27 15:32:36.480 [error] <0.841.0> Ranch listener se_endpoint_handler terminated with reason: connection_closed
2019-02-27 15:32:36.481 [error] <0.844.0> Ranch listener se_endpoint_handler terminated with reason: connection_closed
2019-02-27 15:32:36.482 [error] <0.847.0>@se_endpoint_handler_ranch_protocol:loop:74 Error while receiving length bytes on socket {sslsocket,{gen_tcp,#Port<0.1303>,tls_connection,<0.745.0>},<0.846.0>} :  closed
2019-02-27 15:32:36.482 [info] <0.847.0>@endpoint_meta_data:get_endpoint_meta_for_ip:9 get endpoint meta for given ip:{192,168,24,16}
2019-02-27 15:32:36.482 [info] <0.847.0>@se_endpoint_handler_ranch_protocol:remove_sender_process:101 going to stop "endpoint_sender_24"
2019-02-27 15:32:36.482 [info] <0.848.0>@endpoint_sender_genserver:terminate:132 terminating <0.848.0> because of normal
2019-02-27 15:32:36.483 [error] <0.847.0> Ranch listener se_endpoint_handler terminated with reason: connection_closed
2019-02-27 15:32:38.493 [error] <0.835.0>@se_endpoint_handler_ranch_protocol:loop:74 Error while receiving length bytes on socket {sslsocket,{gen_tcp,#Port<0.1299>,tls_connection,<0.745.0>},<0.834.0>} :  closed
2019-02-27 15:32:38.493 [info] <0.835.0>@endpoint_meta_data:get_endpoint_meta_for_ip:9 get endpoint meta for given ip:{192,168,11,3}
2019-02-27 15:32:38.493 [info] <0.835.0>@se_endpoint_handler_ranch_protocol:remove_sender_process:101 going to stop "endpoint_sender_2"
2019-02-27 15:32:38.493 [error] <0.838.0>@se_endpoint_handler_ranch_protocol:loop:74 Error while receiving length bytes on socket {sslsocket,{gen_tcp,#Port<0.1300>,tls_connection,<0.745.0>},<0.837.0>} :  closed
2019-02-27 15:32:38.493 [info] <0.836.0>@endpoint_sender_genserver:terminate:132 terminating <0.836.0> because of normal
2019-02-27 15:32:38.493 [info] <0.838.0>@endpoint_meta_data:get_endpoint_meta_for_ip:9 get endpoint meta for given ip:{192,168,22,14}
2019-02-27 15:32:38.493 [info] <0.838.0>@se_endpoint_handler_ranch_protocol:remove_sender_process:101 going to stop "endpoint_sender_3"
2019-02-27 15:32:38.493 [info] <0.839.0>@endpoint_sender_genserver:terminate:132 terminating <0.839.0> because of normal
2019-02-27 15:32:38.493 [error] <0.835.0> Ranch listener se_endpoint_handler terminated with reason: connection_closed
2019-02-27 15:32:38.494 [error] <0.838.0> Ranch listener se_endpoint_handler terminated with reason: connection_closed
