2019-06-03 16:36:33.456 [info] <0.744.0>@se_endpoint_handler_ranch_protocol:start_link:43 got connection se_endpoint_handler
2019-06-03 16:36:33.456 [info] <0.744.0>@se_endpoint_handler_ranch_protocol:start_link:45 Pid =<0.1117.0>
2019-06-03 16:36:33.457 [info] <0.1117.0>@se_endpoint_handler_ranch_protocol:init:49 going to accept {sslsocket,{gen_tcp,#Port<0.1365>,tls_connection,<0.746.0>},<0.1116.0>}
2019-06-03 16:36:33.480 [info] <0.744.0>@se_endpoint_handler_ranch_protocol:start_link:43 got connection se_endpoint_handler
2019-06-03 16:36:33.480 [info] <0.744.0>@se_endpoint_handler_ranch_protocol:start_link:45 Pid =<0.1119.0>
2019-06-03 16:36:33.480 [info] <0.1119.0>@se_endpoint_handler_ranch_protocol:init:49 going to accept {sslsocket,{gen_tcp,#Port<0.1367>,tls_connection,<0.746.0>},<0.1118.0>}
2019-06-03 16:36:33.482 [info] <0.744.0>@se_endpoint_handler_ranch_protocol:start_link:43 got connection se_endpoint_handler
2019-06-03 16:36:33.482 [info] <0.744.0>@se_endpoint_handler_ranch_protocol:start_link:45 Pid =<0.1121.0>
2019-06-03 16:36:33.482 [info] <0.1121.0>@se_endpoint_handler_ranch_protocol:init:49 going to accept {sslsocket,{gen_tcp,#Port<0.1368>,tls_connection,<0.746.0>},<0.1120.0>}
2019-06-03 16:36:33.486 [info] <0.744.0>@se_endpoint_handler_ranch_protocol:start_link:43 got connection se_endpoint_handler
2019-06-03 16:36:33.486 [info] <0.744.0>@se_endpoint_handler_ranch_protocol:start_link:45 Pid =<0.1123.0>
2019-06-03 16:36:33.486 [info] <0.1123.0>@se_endpoint_handler_ranch_protocol:init:49 going to accept {sslsocket,{gen_tcp,#Port<0.1369>,tls_connection,<0.746.0>},<0.1122.0>}
2019-06-03 16:36:33.489 [info] <0.744.0>@se_endpoint_handler_ranch_protocol:start_link:43 got connection se_endpoint_handler
2019-06-03 16:36:33.489 [info] <0.744.0>@se_endpoint_handler_ranch_protocol:start_link:45 Pid =<0.1125.0>
2019-06-03 16:36:33.489 [info] <0.1125.0>@se_endpoint_handler_ranch_protocol:init:49 going to accept {sslsocket,{gen_tcp,#Port<0.1370>,tls_connection,<0.746.0>},<0.1124.0>}
2019-06-03 16:36:33.491 [info] <0.744.0>@se_endpoint_handler_ranch_protocol:start_link:43 got connection se_endpoint_handler
2019-06-03 16:36:33.491 [info] <0.744.0>@se_endpoint_handler_ranch_protocol:start_link:45 Pid =<0.1127.0>
2019-06-03 16:36:33.491 [info] <0.1127.0>@se_endpoint_handler_ranch_protocol:init:49 going to accept {sslsocket,{gen_tcp,#Port<0.1371>,tls_connection,<0.746.0>},<0.1126.0>}
2019-06-03 16:36:33.567 [info] <0.1117.0>@se_endpoint_handler_ranch_protocol:get_client_ip_address:14 client ip {192,168,10,2}, client port 34686
2019-06-03 16:36:33.567 [info] <0.1117.0>@se_endpoint_handler_ranch_protocol:get_server_ip_address:24 server ip {192,168,10,2}, server port 9001
2019-06-03 16:36:33.567 [info] <0.1117.0>@endpoint_meta_data:get_endpoint_meta_for_ip:9 get endpoint meta for given ip:{192,168,10,2}
2019-06-03 16:36:33.569 [info] <0.1117.0>@se_endpoint_handler_ranch_protocol:create_sender_process:124 pid GlobalName <0.1128.0> "endpoint_sender_1"
2019-06-03 16:36:33.569 [info] <0.1117.0>@se_endpoint_handler_ranch_protocol:loop:85 Transport ranch_ssl
2019-06-03 16:36:33.570 [info] <0.1117.0>@se_endpoint_handler_ranch_protocol:loop:89 Length 82
2019-06-03 16:36:33.571 [info] <0.1117.0>@se_endpoint_handler_ranch_protocol:loop:92 Message <<3,0,0,1,0,0,1,0,0,17,0,0,1,0,0,0,0,0,1,0,0,16,0,0,0,0,0,0,0,0,0,0,0,0,0,0,0,0,0,0,0,0,0,0,0,0,0,0,0,0,0,0,24,0,0,0,1,0,8,1,0,0,8,1,57,57,49,51,48,55,53,57,53,48,52,51,0,4,0,9,1,49>>
2019-06-03 16:36:33.571 [info] <0.1117.0>@message_processor_group_client:dispatch_message:24 PID <27956.835.0> RetVal ok
2019-06-03 16:36:33.571 [info] <0.1117.0>@se_endpoint_handler_ranch_protocol:loop:85 Transport ranch_ssl
2019-06-03 16:36:33.597 [info] <0.1128.0>@endpoint_sender_genserver:send_data:151 Got msg from se_message_processor: <<0,132,3,0,0,1,0,0,1,0,0,1,153,153,153,0,0,0,0,0,1,0,0,16,0,0,0,0,0,0,0,0,0,0,0,0,0,0,0,0,0,0,0,0,0,0,0,0,0,0,0,0,0,0,24,16,0,0,1,0,10,1,0,0,8,1,57,57,49,51,48,55,53,57,53,48,52,51,0,0,0,4,0,9,1,1>>
2019-06-03 16:36:33.597 [info] <0.1128.0>@endpoint_sender_genserver:send_data:155 Time taken by se gateway to process this request 26515
2019-06-03 16:36:33.597 [info] <0.1128.0>@endpoint_sender_genserver:send_data:162 Data sent to client: ok
2019-06-03 16:36:33.652 [info] <0.1119.0>@se_endpoint_handler_ranch_protocol:get_client_ip_address:14 client ip {192,168,12,4}, client port 48144
2019-06-03 16:36:33.652 [info] <0.1119.0>@se_endpoint_handler_ranch_protocol:get_server_ip_address:24 server ip {192,168,12,4}, server port 9001
2019-06-03 16:36:33.652 [info] <0.1119.0>@endpoint_meta_data:get_endpoint_meta_for_ip:9 get endpoint meta for given ip:{192,168,12,4}
2019-06-03 16:36:33.653 [info] <0.1119.0>@se_endpoint_handler_ranch_protocol:create_sender_process:124 pid GlobalName <0.1129.0> "endpoint_sender_5"
2019-06-03 16:36:33.653 [info] <0.1119.0>@se_endpoint_handler_ranch_protocol:loop:85 Transport ranch_ssl
2019-06-03 16:36:33.653 [info] <0.1119.0>@se_endpoint_handler_ranch_protocol:loop:89 Length 82
2019-06-03 16:36:33.653 [info] <0.1119.0>@se_endpoint_handler_ranch_protocol:loop:92 Message <<3,0,0,1,0,0,1,0,0,17,0,0,5,0,0,0,0,0,1,0,0,16,0,0,0,0,0,0,0,0,0,0,0,0,0,0,0,0,0,0,0,0,0,0,0,0,0,0,0,0,0,0,24,0,0,0,1,0,8,1,0,0,8,1,57,57,57,55,53,53,57,51,57,51,55,49,0,4,0,9,1,49>>
2019-06-03 16:36:33.653 [info] <0.1119.0>@message_processor_group_client:dispatch_message:24 PID <27956.839.0> RetVal ok
2019-06-03 16:36:33.653 [info] <0.1119.0>@se_endpoint_handler_ranch_protocol:loop:85 Transport ranch_ssl
2019-06-03 16:36:33.677 [info] <0.1129.0>@endpoint_sender_genserver:send_data:151 Got msg from se_message_processor: <<0,132,3,0,0,1,0,0,1,0,0,5,153,153,153,0,0,0,0,0,1,0,0,16,0,0,0,0,0,0,0,0,0,0,0,0,0,0,0,0,0,0,0,0,0,0,0,0,0,0,0,0,0,0,24,16,0,0,1,0,10,1,0,0,8,1,57,57,57,55,53,53,57,51,57,51,55,49,0,0,0,4,0,9,1,1>>
2019-06-03 16:36:33.678 [info] <0.1129.0>@endpoint_sender_genserver:send_data:155 Time taken by se gateway to process this request 24144
2019-06-03 16:36:33.678 [info] <0.1129.0>@endpoint_sender_genserver:send_data:162 Data sent to client: ok
2019-06-03 16:36:33.726 [info] <0.1121.0>@se_endpoint_handler_ranch_protocol:get_client_ip_address:14 client ip {192,168,13,5}, client port 40532
2019-06-03 16:36:33.726 [info] <0.1121.0>@se_endpoint_handler_ranch_protocol:get_server_ip_address:24 server ip {192,168,13,5}, server port 9001
2019-06-03 16:36:33.726 [info] <0.1121.0>@endpoint_meta_data:get_endpoint_meta_for_ip:9 get endpoint meta for given ip:{192,168,13,5}
2019-06-03 16:36:33.727 [info] <0.1121.0>@se_endpoint_handler_ranch_protocol:create_sender_process:124 pid GlobalName <0.1130.0> "endpoint_sender_6"
2019-06-03 16:36:33.727 [info] <0.1121.0>@se_endpoint_handler_ranch_protocol:loop:85 Transport ranch_ssl
2019-06-03 16:36:33.727 [info] <0.1121.0>@se_endpoint_handler_ranch_protocol:loop:89 Length 82
2019-06-03 16:36:33.727 [info] <0.1121.0>@se_endpoint_handler_ranch_protocol:loop:92 Message <<3,0,0,1,0,0,1,0,0,17,0,0,6,0,0,0,0,0,1,0,0,16,0,0,0,0,0,0,0,0,0,0,0,0,0,0,0,0,0,0,0,0,0,0,0,0,0,0,0,0,0,0,24,0,0,0,1,0,8,1,0,0,8,1,57,57,57,49,54,48,53,50,57,55,55,52,0,4,0,9,1,49>>
2019-06-03 16:36:33.727 [info] <0.1121.0>@message_processor_group_client:dispatch_message:24 PID <27956.837.0> RetVal ok
2019-06-03 16:36:33.727 [info] <0.1121.0>@se_endpoint_handler_ranch_protocol:loop:85 Transport ranch_ssl
2019-06-03 16:36:33.755 [info] <0.1130.0>@endpoint_sender_genserver:send_data:151 Got msg from se_message_processor: <<0,132,3,0,0,1,0,0,1,0,0,6,153,153,153,0,0,0,0,0,1,0,0,16,0,0,0,0,0,0,0,0,0,0,0,0,0,0,0,0,0,0,0,0,0,0,0,0,0,0,0,0,0,0,24,16,0,0,1,0,10,1,0,0,8,1,57,57,57,49,54,48,53,50,57,55,55,52,0,0,0,4,0,9,1,1>>
2019-06-03 16:36:33.755 [info] <0.1130.0>@endpoint_sender_genserver:send_data:155 Time taken by se gateway to process this request 28139
2019-06-03 16:36:33.756 [info] <0.1130.0>@endpoint_sender_genserver:send_data:162 Data sent to client: ok
2019-06-03 16:36:33.804 [info] <0.1123.0>@se_endpoint_handler_ranch_protocol:get_client_ip_address:14 client ip {192,168,11,3}, client port 51636
2019-06-03 16:36:33.804 [info] <0.1123.0>@se_endpoint_handler_ranch_protocol:get_server_ip_address:24 server ip {192,168,11,3}, server port 9001
2019-06-03 16:36:33.804 [info] <0.1123.0>@endpoint_meta_data:get_endpoint_meta_for_ip:9 get endpoint meta for given ip:{192,168,11,3}
2019-06-03 16:36:33.805 [info] <0.1123.0>@se_endpoint_handler_ranch_protocol:create_sender_process:124 pid GlobalName <0.1131.0> "endpoint_sender_2"
2019-06-03 16:36:33.805 [info] <0.1123.0>@se_endpoint_handler_ranch_protocol:loop:85 Transport ranch_ssl
2019-06-03 16:36:33.805 [info] <0.1123.0>@se_endpoint_handler_ranch_protocol:loop:89 Length 82
2019-06-03 16:36:33.806 [info] <0.1123.0>@se_endpoint_handler_ranch_protocol:loop:92 Message <<3,0,0,1,0,0,1,0,0,17,0,0,2,0,0,0,0,0,1,0,0,16,0,0,0,0,0,0,0,0,0,0,0,0,0,0,0,0,0,0,0,0,0,0,0,0,0,0,0,0,0,0,24,0,0,0,1,0,8,1,0,0,8,1,57,57,57,51,55,52,57,51,50,57,50,54,0,4,0,9,1,49>>
2019-06-03 16:36:33.806 [info] <0.1123.0>@message_processor_group_client:dispatch_message:24 PID <27956.837.0> RetVal ok
2019-06-03 16:36:33.806 [info] <0.1123.0>@se_endpoint_handler_ranch_protocol:loop:85 Transport ranch_ssl
2019-06-03 16:36:33.830 [info] <0.1131.0>@endpoint_sender_genserver:send_data:151 Got msg from se_message_processor: <<0,132,3,0,0,1,0,0,1,0,0,2,153,153,153,0,0,0,0,0,1,0,0,16,0,0,0,0,0,0,0,0,0,0,0,0,0,0,0,0,0,0,0,0,0,0,0,0,0,0,0,0,0,0,24,16,0,0,1,0,10,1,0,0,8,1,57,57,57,51,55,52,57,51,50,57,50,54,0,0,0,4,0,9,1,1>>
2019-06-03 16:36:33.830 [info] <0.1131.0>@endpoint_sender_genserver:send_data:155 Time taken by se gateway to process this request 24370
2019-06-03 16:36:33.830 [info] <0.1131.0>@endpoint_sender_genserver:send_data:162 Data sent to client: ok
2019-06-03 16:36:33.878 [info] <0.1125.0>@se_endpoint_handler_ranch_protocol:get_client_ip_address:14 client ip {192,168,17,9}, client port 34056
2019-06-03 16:36:33.878 [info] <0.1125.0>@se_endpoint_handler_ranch_protocol:get_server_ip_address:24 server ip {192,168,17,9}, server port 9001
2019-06-03 16:36:33.878 [info] <0.1125.0>@endpoint_meta_data:get_endpoint_meta_for_ip:9 get endpoint meta for given ip:{192,168,17,9}
2019-06-03 16:36:33.880 [info] <0.1125.0>@se_endpoint_handler_ranch_protocol:create_sender_process:124 pid GlobalName <0.1132.0> "endpoint_sender_18"
2019-06-03 16:36:33.880 [info] <0.1125.0>@se_endpoint_handler_ranch_protocol:loop:85 Transport ranch_ssl
2019-06-03 16:36:33.881 [info] <0.1125.0>@se_endpoint_handler_ranch_protocol:loop:89 Length 82
2019-06-03 16:36:33.881 [info] <0.1125.0>@se_endpoint_handler_ranch_protocol:loop:92 Message <<3,0,0,1,0,0,1,0,0,17,0,0,24,0,0,0,0,0,1,0,0,16,0,0,0,0,0,0,0,0,0,0,0,0,0,0,0,0,0,0,0,0,0,0,0,0,0,0,0,0,0,0,24,0,0,0,1,0,8,1,0,0,8,1,57,57,57,57,57,54,48,53,54,49,48,53,0,4,0,9,1,49>>
2019-06-03 16:36:33.881 [info] <0.1125.0>@message_processor_group_client:dispatch_message:24 PID <27956.837.0> RetVal ok
2019-06-03 16:36:33.881 [info] <0.1125.0>@se_endpoint_handler_ranch_protocol:loop:85 Transport ranch_ssl
2019-06-03 16:36:33.906 [info] <0.1132.0>@endpoint_sender_genserver:send_data:151 Got msg from se_message_processor: <<0,132,3,0,0,1,0,0,1,0,0,24,153,153,153,0,0,0,0,0,1,0,0,16,0,0,0,0,0,0,0,0,0,0,0,0,0,0,0,0,0,0,0,0,0,0,0,0,0,0,0,0,0,0,24,16,0,0,1,0,10,1,0,0,8,1,57,57,57,57,57,54,48,53,54,49,48,53,0,0,0,4,0,9,1,1>>
2019-06-03 16:36:33.906 [info] <0.1132.0>@endpoint_sender_genserver:send_data:155 Time taken by se gateway to process this request 25396
2019-06-03 16:36:33.908 [info] <0.1132.0>@endpoint_sender_genserver:send_data:162 Data sent to client: ok
2019-06-03 16:36:33.953 [info] <0.1127.0>@se_endpoint_handler_ranch_protocol:get_client_ip_address:14 client ip {192,168,22,14}, client port 60344
2019-06-03 16:36:33.953 [info] <0.1127.0>@se_endpoint_handler_ranch_protocol:get_server_ip_address:24 server ip {192,168,22,14}, server port 9001
2019-06-03 16:36:33.953 [info] <0.1127.0>@endpoint_meta_data:get_endpoint_meta_for_ip:9 get endpoint meta for given ip:{192,168,22,14}
2019-06-03 16:36:33.954 [info] <0.1127.0>@se_endpoint_handler_ranch_protocol:create_sender_process:124 pid GlobalName <0.1133.0> "endpoint_sender_3"
2019-06-03 16:36:33.954 [info] <0.1127.0>@se_endpoint_handler_ranch_protocol:loop:85 Transport ranch_ssl
2019-06-03 16:36:33.954 [info] <0.1127.0>@se_endpoint_handler_ranch_protocol:loop:89 Length 82
2019-06-03 16:36:33.954 [info] <0.1127.0>@se_endpoint_handler_ranch_protocol:loop:92 Message <<3,0,0,1,0,0,1,0,0,17,0,0,3,0,0,0,0,0,1,0,0,16,0,0,0,0,0,0,0,0,0,0,0,0,0,0,0,0,0,0,0,0,0,0,0,0,0,0,0,0,0,0,24,0,0,0,1,0,8,1,0,0,8,1,57,57,49,55,54,53,55,52,51,55,48,52,0,4,0,9,1,49>>
2019-06-03 16:36:33.954 [info] <0.1127.0>@message_processor_group_client:dispatch_message:24 PID <27956.842.0> RetVal ok
2019-06-03 16:36:33.954 [info] <0.1127.0>@se_endpoint_handler_ranch_protocol:loop:85 Transport ranch_ssl
2019-06-03 16:36:33.981 [info] <0.1133.0>@endpoint_sender_genserver:send_data:151 Got msg from se_message_processor: <<0,132,3,0,0,1,0,0,1,0,0,3,153,153,153,0,0,0,0,0,1,0,0,16,0,0,0,0,0,0,0,0,0,0,0,0,0,0,0,0,0,0,0,0,0,0,0,0,0,0,0,0,0,0,24,16,0,0,1,0,10,1,0,0,8,1,57,57,49,55,54,53,55,52,51,55,48,52,0,0,0,4,0,9,1,1>>
2019-06-03 16:36:33.981 [info] <0.1133.0>@endpoint_sender_genserver:send_data:155 Time taken by se gateway to process this request 26800
2019-06-03 16:36:33.981 [info] <0.1133.0>@endpoint_sender_genserver:send_data:162 Data sent to client: ok
2019-06-03 16:36:33.990 [info] <0.744.0>@se_endpoint_handler_ranch_protocol:start_link:43 got connection se_endpoint_handler
2019-06-03 16:36:33.990 [info] <0.744.0>@se_endpoint_handler_ranch_protocol:start_link:45 Pid =<0.1135.0>
2019-06-03 16:36:33.990 [info] <0.1135.0>@se_endpoint_handler_ranch_protocol:init:49 going to accept {sslsocket,{gen_tcp,#Port<0.1372>,tls_connection,<0.746.0>},<0.1134.0>}
2019-06-03 16:36:34.036 [info] <0.1135.0>@se_endpoint_handler_ranch_protocol:get_client_ip_address:14 client ip {192,168,15,7}, client port 56316
2019-06-03 16:36:34.036 [info] <0.1135.0>@se_endpoint_handler_ranch_protocol:get_server_ip_address:24 server ip {192,168,15,7}, server port 9001
2019-06-03 16:36:34.036 [info] <0.1135.0>@endpoint_meta_data:get_endpoint_meta_for_ip:9 get endpoint meta for given ip:{192,168,15,7}
2019-06-03 16:36:34.037 [info] <0.1135.0>@se_endpoint_handler_ranch_protocol:create_sender_process:124 pid GlobalName <0.1136.0> "endpoint_sender_11"
2019-06-03 16:36:34.037 [info] <0.1135.0>@se_endpoint_handler_ranch_protocol:loop:85 Transport ranch_ssl
2019-06-03 16:36:34.037 [info] <0.1135.0>@se_endpoint_handler_ranch_protocol:loop:89 Length 76
2019-06-03 16:36:34.038 [info] <0.1135.0>@se_endpoint_handler_ranch_protocol:loop:92 Message <<3,0,0,1,0,0,1,0,0,0,0,0,17,0,0,0,0,0,1,0,0,16,0,0,0,0,0,0,0,0,0,0,0,0,0,0,0,0,0,0,0,0,0,0,0,0,0,0,0,0,0,0,24,0,0,0,1,0,8,0,0,0,8,1,57,57,50,48,52,50,55,55,56,56,54,52>>
2019-06-03 16:36:34.038 [info] <0.1135.0>@message_processor_group_client:dispatch_message:24 PID <27956.833.0> RetVal ok
2019-06-03 16:36:34.038 [info] <0.1135.0>@se_endpoint_handler_ranch_protocol:loop:85 Transport ranch_ssl
2019-06-03 16:36:34.060 [info] <0.1136.0>@endpoint_sender_genserver:send_data:151 Got msg from se_message_processor: <<0,120,3,0,0,1,0,0,1,0,0,17,153,153,153,0,0,0,0,0,1,0,0,16,0,0,0,0,0,0,0,0,0,0,0,0,0,0,0,0,0,0,0,0,0,0,0,0,0,0,0,0,0,0,24,16,0,0,1,0,10,0,0,0,8,1,57,57,50,48,52,50,55,55,56,56,54,52,0,0>>
2019-06-03 16:36:34.060 [info] <0.1136.0>@endpoint_sender_genserver:send_data:155 Time taken by se gateway to process this request 22127
2019-06-03 16:36:34.060 [info] <0.1136.0>@endpoint_sender_genserver:send_data:162 Data sent to client: ok
2019-06-03 16:36:34.064 [info] <0.744.0>@se_endpoint_handler_ranch_protocol:start_link:43 got connection se_endpoint_handler
2019-06-03 16:36:34.064 [info] <0.744.0>@se_endpoint_handler_ranch_protocol:start_link:45 Pid =<0.1138.0>
2019-06-03 16:36:34.064 [info] <0.1138.0>@se_endpoint_handler_ranch_protocol:init:49 going to accept {sslsocket,{gen_tcp,#Port<0.1373>,tls_connection,<0.746.0>},<0.1137.0>}
2019-06-03 16:36:34.110 [info] <0.1138.0>@se_endpoint_handler_ranch_protocol:get_client_ip_address:14 client ip {192,168,23,15}, client port 57450
2019-06-03 16:36:34.110 [info] <0.1138.0>@se_endpoint_handler_ranch_protocol:get_server_ip_address:24 server ip {192,168,23,15}, server port 9001
2019-06-03 16:36:34.110 [info] <0.1138.0>@endpoint_meta_data:get_endpoint_meta_for_ip:9 get endpoint meta for given ip:{192,168,23,15}
2019-06-03 16:36:34.111 [info] <0.1138.0>@se_endpoint_handler_ranch_protocol:create_sender_process:124 pid GlobalName <0.1139.0> "endpoint_sender_23"
2019-06-03 16:36:34.111 [info] <0.1138.0>@se_endpoint_handler_ranch_protocol:loop:85 Transport ranch_ssl
2019-06-03 16:36:34.112 [info] <0.1138.0>@se_endpoint_handler_ranch_protocol:loop:89 Length 76
2019-06-03 16:36:34.113 [info] <0.1138.0>@se_endpoint_handler_ranch_protocol:loop:92 Message <<3,0,0,1,0,0,1,0,0,0,0,0,35,0,0,0,0,0,1,0,0,16,0,0,0,0,0,0,0,0,0,0,0,0,0,0,0,0,0,0,0,0,0,0,0,0,0,0,0,0,0,0,24,0,0,0,1,0,8,0,0,0,8,1,57,57,50,48,52,50,55,55,56,56,54,52>>
2019-06-03 16:36:34.113 [info] <0.1138.0>@message_processor_group_client:dispatch_message:24 PID <27956.837.0> RetVal ok
2019-06-03 16:36:34.113 [info] <0.1138.0>@se_endpoint_handler_ranch_protocol:loop:85 Transport ranch_ssl
2019-06-03 16:36:34.150 [info] <0.1139.0>@endpoint_sender_genserver:send_data:151 Got msg from se_message_processor: <<0,120,3,0,0,1,0,0,1,0,0,35,153,153,153,0,0,0,0,0,1,0,0,16,0,0,0,0,0,0,0,0,0,0,0,0,0,0,0,0,0,0,0,0,0,0,0,0,0,0,0,0,0,0,24,16,0,0,1,0,10,0,0,0,8,1,57,57,50,48,52,50,55,55,56,56,54,52,0,0>>
2019-06-03 16:36:34.150 [info] <0.1139.0>@endpoint_sender_genserver:send_data:155 Time taken by se gateway to process this request 37551
2019-06-03 16:36:34.150 [info] <0.1139.0>@endpoint_sender_genserver:send_data:162 Data sent to client: ok
2019-06-03 16:36:34.156 [info] <0.744.0>@se_endpoint_handler_ranch_protocol:start_link:43 got connection se_endpoint_handler
2019-06-03 16:36:34.156 [info] <0.744.0>@se_endpoint_handler_ranch_protocol:start_link:45 Pid =<0.1141.0>
2019-06-03 16:36:34.157 [info] <0.1141.0>@se_endpoint_handler_ranch_protocol:init:49 going to accept {sslsocket,{gen_tcp,#Port<0.1374>,tls_connection,<0.746.0>},<0.1140.0>}
2019-06-03 16:36:34.205 [info] <0.1141.0>@se_endpoint_handler_ranch_protocol:get_client_ip_address:14 client ip {192,168,24,16}, client port 33096
2019-06-03 16:36:34.205 [info] <0.1141.0>@se_endpoint_handler_ranch_protocol:get_server_ip_address:24 server ip {192,168,24,16}, server port 9001
2019-06-03 16:36:34.205 [info] <0.1141.0>@endpoint_meta_data:get_endpoint_meta_for_ip:9 get endpoint meta for given ip:{192,168,24,16}
2019-06-03 16:36:34.207 [info] <0.1141.0>@se_endpoint_handler_ranch_protocol:create_sender_process:124 pid GlobalName <0.1142.0> "endpoint_sender_24"
2019-06-03 16:36:34.207 [info] <0.1141.0>@se_endpoint_handler_ranch_protocol:loop:85 Transport ranch_ssl
2019-06-03 16:36:34.207 [info] <0.1141.0>@se_endpoint_handler_ranch_protocol:loop:89 Length 76
2019-06-03 16:36:34.208 [info] <0.1141.0>@se_endpoint_handler_ranch_protocol:loop:92 Message <<3,0,0,1,0,0,1,0,0,0,0,0,36,0,0,0,0,0,1,0,0,16,0,0,0,0,0,0,0,0,0,0,0,0,0,0,0,0,0,0,0,0,0,0,0,0,0,0,0,0,0,0,24,0,0,0,1,0,8,0,0,0,8,1,57,57,50,48,52,50,55,55,56,56,54,52>>
2019-06-03 16:36:34.208 [info] <0.1141.0>@message_processor_group_client:dispatch_message:24 PID <27956.839.0> RetVal ok
2019-06-03 16:36:34.208 [info] <0.1141.0>@se_endpoint_handler_ranch_protocol:loop:85 Transport ranch_ssl
2019-06-03 16:36:34.252 [info] <0.1142.0>@endpoint_sender_genserver:send_data:151 Got msg from se_message_processor: <<0,120,3,0,0,1,0,0,1,0,0,36,153,153,153,0,0,0,0,0,1,0,0,16,0,0,0,0,0,0,0,0,0,0,0,0,0,0,0,0,0,0,0,0,0,0,0,0,0,0,0,0,0,0,24,16,0,0,1,0,10,0,0,0,8,1,57,57,50,48,52,50,55,55,56,56,54,52,0,0>>
2019-06-03 16:36:34.252 [info] <0.1142.0>@endpoint_sender_genserver:send_data:155 Time taken by se gateway to process this request 44403
2019-06-03 16:36:34.252 [info] <0.1142.0>@endpoint_sender_genserver:send_data:162 Data sent to client: ok
2019-06-03 16:36:34.407 [info] <0.1135.0>@se_endpoint_handler_ranch_protocol:loop:89 Length 332
2019-06-03 16:36:34.408 [info] <0.1135.0>@se_endpoint_handler_ranch_protocol:loop:92 Message <<3,0,0,1,0,0,1,0,0,0,0,0,17,0,0,0,0,0,1,0,0,16,0,0,0,0,0,0,0,0,0,0,0,0,0,0,0,0,0,0,0,0,0,0,0,0,0,0,0,0,0,0,18,0,112,52,7,65,41,232,152,0,22,34,32,22,0,0,0,0,16,1,0,0,0,0,0,9,153,153,18,52,86,24,3,32,1,1,1,34,6,49,49,49,48,48,49,48,49,48,49,48,48,0,0,2,0,96,16,6,57,48,48,48,48,52,57,37,54,51,49,53,56,56,49,48,48,50,56,54,49,56,57,54,94,51,55,56,50,57,56,50,51,48,48,49,50,51,52,53,54,55,56,57,63,70,57,57,49,51,52,52,55,48,49,53,56,54,2,1,49,50,51,52,53,54,55,56,49,50,51,52,53,54,55,56,49,50,51,52,53,54,55,84,69,83,84,78,65,77,69,32,79,70,32,77,69,82,67,72,65,78,84,49,50,51,77,85,77,66,65,73,88,88,88,88,88,88,88,77,72,73,78,120,37,66,54,51,49,53,56,56,49,48,48,50,56,54,49,56,57,54,94,68,65,84,69,83,47,71,76,79,86,69,83,32,32,32,83,81,85,65,84,32,32,32,32,32,32,32,32,32,32,32,32,94,51,55,56,50,57,56,50,51,48,48,49,48,63,70,48,52,51,48,48,48,48,48,51,48,48,48,8,64,181,10,170,158,15,77,72,182,48,49,48,49,48,49,48,49,48,49>>
2019-06-03 16:36:34.408 [info] <0.1135.0>@message_processor_group_client:dispatch_message:24 PID <27956.842.0> RetVal ok
2019-06-03 16:36:34.408 [info] <0.1135.0>@se_endpoint_handler_ranch_protocol:loop:85 Transport ranch_ssl
2019-06-03 16:36:34.484 [info] <0.1136.0>@endpoint_sender_genserver:send_data:151 Got msg from se_message_processor: <<2,67,3,0,0,1,0,0,1,0,0,17,153,153,153,0,0,0,0,0,1,0,0,16,0,0,0,1,35,25,21,67,153,148,69,0,2,129,100,0,0,0,0,0,0,0,0,0,0,0,0,0,0,0,18,16,112,50,7,65,11,229,128,0,22,34,32,22,0,0,0,0,16,1,0,0,0,0,0,9,153,153,18,52,86,24,3,32,1,1,1,25,6,3,49,49,49,48,48,49,48,49,48,49,48,48,0,0,2,0,96,16,6,57,48,48,48,48,52,57,57,49,51,52,52,55,48,49,53,56,54,9,4,2,1,49,50,51,52,53,54,55,56,49,50,51,52,53,54,55,56,49,50,51,52,53,54,55,84,69,83,84,78,65,77,69,32,79,70,32,77,69,82,67,72,65,78,84,49,50,51,77,85,77,66,65,73,88,88,88,88,88,88,88,77,72,73,78,0,21,55,52,48,44,55,51,50,44,55,51,52,44,55,51,55,0,38,0,1,35,49,50,51,49,57,49,53,52,51,57,57,57,52,52,53,48,48,48,50,56,50,50,56,8,64>>
2019-06-03 16:36:34.484 [info] <0.1136.0>@endpoint_sender_genserver:send_data:155 Time taken by se gateway to process this request 76512
2019-06-03 16:36:34.485 [info] <0.1136.0>@endpoint_sender_genserver:send_data:162 Data sent to client: ok
