2019-06-10 12:02:37.626 [info] <0.744.0>@se_endpoint_handler_ranch_protocol:start_link:43 got connection se_endpoint_handler
2019-06-10 12:02:37.626 [info] <0.744.0>@se_endpoint_handler_ranch_protocol:start_link:45 Pid =<0.981.0>
2019-06-10 12:02:37.626 [info] <0.981.0>@se_endpoint_handler_ranch_protocol:init:49 going to accept {sslsocket,{gen_tcp,#Port<0.1340>,tls_connection,<0.746.0>},<0.980.0>}
2019-06-10 12:02:37.653 [info] <0.744.0>@se_endpoint_handler_ranch_protocol:start_link:43 got connection se_endpoint_handler
2019-06-10 12:02:37.653 [info] <0.744.0>@se_endpoint_handler_ranch_protocol:start_link:45 Pid =<0.983.0>
2019-06-10 12:02:37.653 [info] <0.983.0>@se_endpoint_handler_ranch_protocol:init:49 going to accept {sslsocket,{gen_tcp,#Port<0.1342>,tls_connection,<0.746.0>},<0.982.0>}
2019-06-10 12:02:37.659 [info] <0.744.0>@se_endpoint_handler_ranch_protocol:start_link:43 got connection se_endpoint_handler
2019-06-10 12:02:37.660 [info] <0.744.0>@se_endpoint_handler_ranch_protocol:start_link:45 Pid =<0.985.0>
2019-06-10 12:02:37.660 [info] <0.985.0>@se_endpoint_handler_ranch_protocol:init:49 going to accept {sslsocket,{gen_tcp,#Port<0.1343>,tls_connection,<0.746.0>},<0.984.0>}
2019-06-10 12:02:37.663 [info] <0.744.0>@se_endpoint_handler_ranch_protocol:start_link:43 got connection se_endpoint_handler
2019-06-10 12:02:37.663 [info] <0.744.0>@se_endpoint_handler_ranch_protocol:start_link:45 Pid =<0.987.0>
2019-06-10 12:02:37.663 [info] <0.987.0>@se_endpoint_handler_ranch_protocol:init:49 going to accept {sslsocket,{gen_tcp,#Port<0.1344>,tls_connection,<0.746.0>},<0.986.0>}
2019-06-10 12:02:37.666 [info] <0.744.0>@se_endpoint_handler_ranch_protocol:start_link:43 got connection se_endpoint_handler
2019-06-10 12:02:37.666 [info] <0.744.0>@se_endpoint_handler_ranch_protocol:start_link:45 Pid =<0.989.0>
2019-06-10 12:02:37.666 [info] <0.989.0>@se_endpoint_handler_ranch_protocol:init:49 going to accept {sslsocket,{gen_tcp,#Port<0.1345>,tls_connection,<0.746.0>},<0.988.0>}
2019-06-10 12:02:37.668 [info] <0.744.0>@se_endpoint_handler_ranch_protocol:start_link:43 got connection se_endpoint_handler
2019-06-10 12:02:37.668 [info] <0.744.0>@se_endpoint_handler_ranch_protocol:start_link:45 Pid =<0.991.0>
2019-06-10 12:02:37.669 [info] <0.991.0>@se_endpoint_handler_ranch_protocol:init:49 going to accept {sslsocket,{gen_tcp,#Port<0.1346>,tls_connection,<0.746.0>},<0.990.0>}
2019-06-10 12:02:37.747 [info] <0.981.0>@se_endpoint_handler_ranch_protocol:get_client_ip_address:14 client ip {192,168,10,2}, client port 49072
2019-06-10 12:02:37.747 [info] <0.981.0>@se_endpoint_handler_ranch_protocol:get_server_ip_address:24 server ip {192,168,10,2}, server port 9001
2019-06-10 12:02:37.747 [info] <0.981.0>@endpoint_meta_data:get_endpoint_meta_for_ip:9 get endpoint meta for given ip:{192,168,10,2}
2019-06-10 12:02:37.748 [info] <0.981.0>@se_endpoint_handler_ranch_protocol:create_sender_process:124 pid GlobalName <0.992.0> "endpoint_sender_1"
2019-06-10 12:02:37.748 [info] <0.981.0>@se_endpoint_handler_ranch_protocol:loop:85 Transport ranch_ssl
2019-06-10 12:02:37.750 [info] <0.981.0>@se_endpoint_handler_ranch_protocol:loop:89 Length 82
2019-06-10 12:02:37.750 [info] <0.981.0>@se_endpoint_handler_ranch_protocol:loop:92 Message <<3,0,0,1,0,0,1,0,0,17,0,0,1,0,0,0,0,0,1,0,0,16,0,0,0,0,0,0,0,0,0,0,0,0,0,0,0,0,0,0,0,0,0,0,0,0,0,0,0,0,0,0,24,0,0,0,1,0,8,1,0,0,8,1,57,57,49,52,55,51,55,57,57,50,55,57,0,4,0,9,1,49>>
2019-06-10 12:02:37.751 [info] <0.981.0>@message_processor_group_client:dispatch_message:24 PID <27951.839.0> RetVal ok
2019-06-10 12:02:37.751 [info] <0.981.0>@se_endpoint_handler_ranch_protocol:loop:85 Transport ranch_ssl
2019-06-10 12:02:37.787 [info] <0.992.0>@endpoint_sender_genserver:send_data:151 Got msg from se_message_processor: <<0,132,3,0,0,1,0,0,1,0,0,1,153,153,153,0,0,0,0,0,1,0,0,16,0,0,0,0,0,0,0,0,0,0,0,0,0,0,0,0,0,0,0,0,0,0,0,0,0,0,0,0,0,0,24,16,0,0,1,0,10,1,0,0,8,1,57,57,49,52,55,51,55,57,57,50,55,57,0,0,0,4,0,9,1,1>>
2019-06-10 12:02:37.787 [info] <0.992.0>@endpoint_sender_genserver:send_data:155 Time taken by se gateway to process this request 36715
2019-06-10 12:02:37.787 [info] <0.992.0>@endpoint_sender_genserver:send_data:162 Data sent to client: ok
2019-06-10 12:02:37.839 [info] <0.983.0>@se_endpoint_handler_ranch_protocol:get_client_ip_address:14 client ip {192,168,12,4}, client port 34298
2019-06-10 12:02:37.839 [info] <0.983.0>@se_endpoint_handler_ranch_protocol:get_server_ip_address:24 server ip {192,168,12,4}, server port 9001
2019-06-10 12:02:37.839 [info] <0.983.0>@endpoint_meta_data:get_endpoint_meta_for_ip:9 get endpoint meta for given ip:{192,168,12,4}
2019-06-10 12:02:37.842 [info] <0.983.0>@se_endpoint_handler_ranch_protocol:create_sender_process:124 pid GlobalName <0.993.0> "endpoint_sender_5"
2019-06-10 12:02:37.842 [info] <0.983.0>@se_endpoint_handler_ranch_protocol:loop:85 Transport ranch_ssl
2019-06-10 12:02:37.842 [info] <0.983.0>@se_endpoint_handler_ranch_protocol:loop:89 Length 82
2019-06-10 12:02:37.843 [info] <0.983.0>@se_endpoint_handler_ranch_protocol:loop:92 Message <<3,0,0,1,0,0,1,0,0,17,0,0,5,0,0,0,0,0,1,0,0,16,0,0,0,0,0,0,0,0,0,0,0,0,0,0,0,0,0,0,0,0,0,0,0,0,0,0,0,0,0,0,24,0,0,0,1,0,8,1,0,0,8,1,57,57,57,51,51,53,52,50,57,57,54,51,0,4,0,9,1,49>>
2019-06-10 12:02:37.843 [info] <0.983.0>@message_processor_group_client:dispatch_message:24 PID <27951.841.0> RetVal ok
2019-06-10 12:02:37.843 [info] <0.983.0>@se_endpoint_handler_ranch_protocol:loop:85 Transport ranch_ssl
2019-06-10 12:02:37.917 [info] <0.993.0>@endpoint_sender_genserver:send_data:151 Got msg from se_message_processor: <<0,132,3,0,0,1,0,0,1,0,0,5,153,153,153,0,0,0,0,0,1,0,0,16,0,0,0,0,0,0,0,0,0,0,0,0,0,0,0,0,0,0,0,0,0,0,0,0,0,0,0,0,0,0,24,16,0,0,1,0,10,1,0,0,8,1,57,57,57,51,51,53,52,50,57,57,54,51,0,0,0,4,0,9,1,1>>
2019-06-10 12:02:37.917 [info] <0.993.0>@endpoint_sender_genserver:send_data:155 Time taken by se gateway to process this request 74495
2019-06-10 12:02:37.918 [info] <0.993.0>@endpoint_sender_genserver:send_data:162 Data sent to client: ok
2019-06-10 12:02:37.986 [info] <0.985.0>@se_endpoint_handler_ranch_protocol:get_client_ip_address:14 client ip {192,168,13,5}, client port 54918
2019-06-10 12:02:37.987 [info] <0.985.0>@se_endpoint_handler_ranch_protocol:get_server_ip_address:24 server ip {192,168,13,5}, server port 9001
2019-06-10 12:02:37.987 [info] <0.985.0>@endpoint_meta_data:get_endpoint_meta_for_ip:9 get endpoint meta for given ip:{192,168,13,5}
2019-06-10 12:02:37.989 [info] <0.985.0>@se_endpoint_handler_ranch_protocol:create_sender_process:124 pid GlobalName <0.994.0> "endpoint_sender_6"
2019-06-10 12:02:37.989 [info] <0.985.0>@se_endpoint_handler_ranch_protocol:loop:85 Transport ranch_ssl
2019-06-10 12:02:37.990 [info] <0.985.0>@se_endpoint_handler_ranch_protocol:loop:89 Length 82
2019-06-10 12:02:37.990 [info] <0.985.0>@se_endpoint_handler_ranch_protocol:loop:92 Message <<3,0,0,1,0,0,1,0,0,17,0,0,6,0,0,0,0,0,1,0,0,16,0,0,0,0,0,0,0,0,0,0,0,0,0,0,0,0,0,0,0,0,0,0,0,0,0,0,0,0,0,0,24,0,0,0,1,0,8,1,0,0,8,1,57,57,49,53,49,51,55,49,53,48,54,53,0,4,0,9,1,49>>
2019-06-10 12:02:37.990 [info] <0.985.0>@message_processor_group_client:dispatch_message:24 PID <27951.838.0> RetVal ok
2019-06-10 12:02:37.990 [info] <0.985.0>@se_endpoint_handler_ranch_protocol:loop:85 Transport ranch_ssl
2019-06-10 12:02:38.071 [info] <0.994.0>@endpoint_sender_genserver:send_data:151 Got msg from se_message_processor: <<0,132,3,0,0,1,0,0,1,0,0,6,153,153,153,0,0,0,0,0,1,0,0,16,0,0,0,0,0,0,0,0,0,0,0,0,0,0,0,0,0,0,0,0,0,0,0,0,0,0,0,0,0,0,24,16,0,0,1,0,10,1,0,0,8,1,57,57,49,53,49,51,55,49,53,48,54,53,0,0,0,4,0,9,1,1>>
2019-06-10 12:02:38.071 [info] <0.994.0>@endpoint_sender_genserver:send_data:155 Time taken by se gateway to process this request 80838
2019-06-10 12:02:38.071 [info] <0.994.0>@endpoint_sender_genserver:send_data:162 Data sent to client: ok
2019-06-10 12:02:38.146 [info] <0.987.0>@se_endpoint_handler_ranch_protocol:get_client_ip_address:14 client ip {192,168,11,3}, client port 37790
2019-06-10 12:02:38.146 [info] <0.987.0>@se_endpoint_handler_ranch_protocol:get_server_ip_address:24 server ip {192,168,11,3}, server port 9001
2019-06-10 12:02:38.146 [info] <0.987.0>@endpoint_meta_data:get_endpoint_meta_for_ip:9 get endpoint meta for given ip:{192,168,11,3}
2019-06-10 12:02:38.148 [info] <0.987.0>@se_endpoint_handler_ranch_protocol:create_sender_process:124 pid GlobalName <0.995.0> "endpoint_sender_2"
2019-06-10 12:02:38.148 [info] <0.987.0>@se_endpoint_handler_ranch_protocol:loop:85 Transport ranch_ssl
2019-06-10 12:02:38.148 [info] <0.987.0>@se_endpoint_handler_ranch_protocol:loop:89 Length 82
2019-06-10 12:02:38.148 [info] <0.987.0>@se_endpoint_handler_ranch_protocol:loop:92 Message <<3,0,0,1,0,0,1,0,0,17,0,0,2,0,0,0,0,0,1,0,0,16,0,0,0,0,0,0,0,0,0,0,0,0,0,0,0,0,0,0,0,0,0,0,0,0,0,0,0,0,0,0,24,0,0,0,1,0,8,1,0,0,8,1,57,57,57,56,55,57,56,55,53,50,48,54,0,4,0,9,1,49>>
2019-06-10 12:02:38.149 [info] <0.987.0>@message_processor_group_client:dispatch_message:24 PID <27951.842.0> RetVal ok
2019-06-10 12:02:38.149 [info] <0.987.0>@se_endpoint_handler_ranch_protocol:loop:85 Transport ranch_ssl
2019-06-10 12:02:38.176 [info] <0.995.0>@endpoint_sender_genserver:send_data:151 Got msg from se_message_processor: <<0,132,3,0,0,1,0,0,1,0,0,2,153,153,153,0,0,0,0,0,1,0,0,16,0,0,0,0,0,0,0,0,0,0,0,0,0,0,0,0,0,0,0,0,0,0,0,0,0,0,0,0,0,0,24,16,0,0,1,0,10,1,0,0,8,1,57,57,57,56,55,57,56,55,53,50,48,54,0,0,0,4,0,9,1,1>>
2019-06-10 12:02:38.176 [info] <0.995.0>@endpoint_sender_genserver:send_data:155 Time taken by se gateway to process this request 27942
2019-06-10 12:02:38.177 [info] <0.995.0>@endpoint_sender_genserver:send_data:162 Data sent to client: ok
2019-06-10 12:02:38.224 [info] <0.989.0>@se_endpoint_handler_ranch_protocol:get_client_ip_address:14 client ip {192,168,17,9}, client port 48442
2019-06-10 12:02:38.224 [info] <0.989.0>@se_endpoint_handler_ranch_protocol:get_server_ip_address:24 server ip {192,168,17,9}, server port 9001
2019-06-10 12:02:38.224 [info] <0.989.0>@endpoint_meta_data:get_endpoint_meta_for_ip:9 get endpoint meta for given ip:{192,168,17,9}
2019-06-10 12:02:38.225 [info] <0.989.0>@se_endpoint_handler_ranch_protocol:create_sender_process:124 pid GlobalName <0.996.0> "endpoint_sender_18"
2019-06-10 12:02:38.225 [info] <0.989.0>@se_endpoint_handler_ranch_protocol:loop:85 Transport ranch_ssl
2019-06-10 12:02:38.225 [info] <0.989.0>@se_endpoint_handler_ranch_protocol:loop:89 Length 82
2019-06-10 12:02:38.225 [info] <0.989.0>@se_endpoint_handler_ranch_protocol:loop:92 Message <<3,0,0,1,0,0,1,0,0,17,0,0,24,0,0,0,0,0,1,0,0,16,0,0,0,0,0,0,0,0,0,0,0,0,0,0,0,0,0,0,0,0,0,0,0,0,0,0,0,0,0,0,24,0,0,0,1,0,8,1,0,0,8,1,57,57,57,55,54,50,54,50,48,50,55,56,0,4,0,9,1,49>>
2019-06-10 12:02:38.225 [info] <0.989.0>@message_processor_group_client:dispatch_message:24 PID <27951.839.0> RetVal ok
2019-06-10 12:02:38.225 [info] <0.989.0>@se_endpoint_handler_ranch_protocol:loop:85 Transport ranch_ssl
2019-06-10 12:02:38.252 [info] <0.996.0>@endpoint_sender_genserver:send_data:151 Got msg from se_message_processor: <<0,132,3,0,0,1,0,0,1,0,0,24,153,153,153,0,0,0,0,0,1,0,0,16,0,0,0,0,0,0,0,0,0,0,0,0,0,0,0,0,0,0,0,0,0,0,0,0,0,0,0,0,0,0,24,16,0,0,1,0,10,1,0,0,8,1,57,57,57,55,54,50,54,50,48,50,55,56,0,0,0,4,0,9,1,1>>
2019-06-10 12:02:38.252 [info] <0.996.0>@endpoint_sender_genserver:send_data:155 Time taken by se gateway to process this request 27281
2019-06-10 12:02:38.253 [info] <0.996.0>@endpoint_sender_genserver:send_data:162 Data sent to client: ok
2019-06-10 12:02:38.302 [info] <0.991.0>@se_endpoint_handler_ranch_protocol:get_client_ip_address:14 client ip {192,168,22,14}, client port 46498
2019-06-10 12:02:38.302 [info] <0.991.0>@se_endpoint_handler_ranch_protocol:get_server_ip_address:24 server ip {192,168,22,14}, server port 9001
2019-06-10 12:02:38.302 [info] <0.991.0>@endpoint_meta_data:get_endpoint_meta_for_ip:9 get endpoint meta for given ip:{192,168,22,14}
2019-06-10 12:02:38.305 [info] <0.991.0>@se_endpoint_handler_ranch_protocol:create_sender_process:124 pid GlobalName <0.997.0> "endpoint_sender_3"
2019-06-10 12:02:38.305 [info] <0.991.0>@se_endpoint_handler_ranch_protocol:loop:85 Transport ranch_ssl
2019-06-10 12:02:38.306 [info] <0.991.0>@se_endpoint_handler_ranch_protocol:loop:89 Length 82
2019-06-10 12:02:38.306 [info] <0.991.0>@se_endpoint_handler_ranch_protocol:loop:92 Message <<3,0,0,1,0,0,1,0,0,17,0,0,3,0,0,0,0,0,1,0,0,16,0,0,0,0,0,0,0,0,0,0,0,0,0,0,0,0,0,0,0,0,0,0,0,0,0,0,0,0,0,0,24,0,0,0,1,0,8,1,0,0,8,1,57,57,57,53,51,50,51,49,56,51,50,52,0,4,0,9,1,49>>
2019-06-10 12:02:38.306 [info] <0.991.0>@message_processor_group_client:dispatch_message:24 PID <27951.836.0> RetVal ok
2019-06-10 12:02:38.306 [info] <0.991.0>@se_endpoint_handler_ranch_protocol:loop:85 Transport ranch_ssl
2019-06-10 12:02:38.383 [info] <0.997.0>@endpoint_sender_genserver:send_data:151 Got msg from se_message_processor: <<0,132,3,0,0,1,0,0,1,0,0,3,153,153,153,0,0,0,0,0,1,0,0,16,0,0,0,0,0,0,0,0,0,0,0,0,0,0,0,0,0,0,0,0,0,0,0,0,0,0,0,0,0,0,24,16,0,0,1,0,10,1,0,0,8,1,57,57,57,53,51,50,51,49,56,51,50,52,0,0,0,4,0,9,1,1>>
2019-06-10 12:02:38.383 [info] <0.997.0>@endpoint_sender_genserver:send_data:155 Time taken by se gateway to process this request 76993
2019-06-10 12:02:38.384 [info] <0.997.0>@endpoint_sender_genserver:send_data:162 Data sent to client: ok
2019-06-10 12:02:38.402 [info] <0.744.0>@se_endpoint_handler_ranch_protocol:start_link:43 got connection se_endpoint_handler
2019-06-10 12:02:38.402 [info] <0.744.0>@se_endpoint_handler_ranch_protocol:start_link:45 Pid =<0.999.0>
2019-06-10 12:02:38.402 [info] <0.999.0>@se_endpoint_handler_ranch_protocol:init:49 going to accept {sslsocket,{gen_tcp,#Port<0.1347>,tls_connection,<0.746.0>},<0.998.0>}
2019-06-10 12:02:38.463 [info] <0.999.0>@se_endpoint_handler_ranch_protocol:get_client_ip_address:14 client ip {192,168,15,7}, client port 42470
2019-06-10 12:02:38.463 [info] <0.999.0>@se_endpoint_handler_ranch_protocol:get_server_ip_address:24 server ip {192,168,15,7}, server port 9001
2019-06-10 12:02:38.463 [info] <0.999.0>@endpoint_meta_data:get_endpoint_meta_for_ip:9 get endpoint meta for given ip:{192,168,15,7}
2019-06-10 12:02:38.466 [info] <0.999.0>@se_endpoint_handler_ranch_protocol:create_sender_process:124 pid GlobalName <0.1000.0> "endpoint_sender_11"
2019-06-10 12:02:38.467 [info] <0.999.0>@se_endpoint_handler_ranch_protocol:loop:85 Transport ranch_ssl
2019-06-10 12:02:38.467 [info] <0.999.0>@se_endpoint_handler_ranch_protocol:loop:89 Length 76
2019-06-10 12:02:38.467 [info] <0.999.0>@se_endpoint_handler_ranch_protocol:loop:92 Message <<3,0,0,1,0,0,1,0,0,0,0,0,17,0,0,0,0,0,1,0,0,16,0,0,0,0,0,0,0,0,0,0,0,0,0,0,0,0,0,0,0,0,0,0,0,0,0,0,0,0,0,0,24,0,0,0,1,0,8,0,0,0,8,1,57,57,49,48,52,54,53,51,57,50,55,50>>
2019-06-10 12:02:38.468 [info] <0.999.0>@message_processor_group_client:dispatch_message:24 PID <27951.840.0> RetVal ok
2019-06-10 12:02:38.468 [info] <0.999.0>@se_endpoint_handler_ranch_protocol:loop:85 Transport ranch_ssl
2019-06-10 12:02:38.547 [info] <0.1000.0>@endpoint_sender_genserver:send_data:151 Got msg from se_message_processor: <<0,120,3,0,0,1,0,0,1,0,0,17,153,153,153,0,0,0,0,0,1,0,0,16,0,0,0,0,0,0,0,0,0,0,0,0,0,0,0,0,0,0,0,0,0,0,0,0,0,0,0,0,0,0,24,16,0,0,1,0,10,0,0,0,8,1,57,57,49,48,52,54,53,51,57,50,55,50,0,0>>
2019-06-10 12:02:38.547 [info] <0.1000.0>@endpoint_sender_genserver:send_data:155 Time taken by se gateway to process this request 79769
2019-06-10 12:02:38.549 [info] <0.1000.0>@endpoint_sender_genserver:send_data:162 Data sent to client: ok
2019-06-10 12:02:38.555 [info] <0.744.0>@se_endpoint_handler_ranch_protocol:start_link:43 got connection se_endpoint_handler
2019-06-10 12:02:38.555 [info] <0.744.0>@se_endpoint_handler_ranch_protocol:start_link:45 Pid =<0.1002.0>
2019-06-10 12:02:38.555 [info] <0.1002.0>@se_endpoint_handler_ranch_protocol:init:49 going to accept {sslsocket,{gen_tcp,#Port<0.1348>,tls_connection,<0.746.0>},<0.1001.0>}
2019-06-10 12:02:38.608 [info] <0.1002.0>@se_endpoint_handler_ranch_protocol:get_client_ip_address:14 client ip {192,168,23,15}, client port 43604
2019-06-10 12:02:38.608 [info] <0.1002.0>@se_endpoint_handler_ranch_protocol:get_server_ip_address:24 server ip {192,168,23,15}, server port 9001
2019-06-10 12:02:38.608 [info] <0.1002.0>@endpoint_meta_data:get_endpoint_meta_for_ip:9 get endpoint meta for given ip:{192,168,23,15}
2019-06-10 12:02:38.610 [info] <0.1002.0>@se_endpoint_handler_ranch_protocol:create_sender_process:124 pid GlobalName <0.1003.0> "endpoint_sender_23"
2019-06-10 12:02:38.610 [info] <0.1002.0>@se_endpoint_handler_ranch_protocol:loop:85 Transport ranch_ssl
2019-06-10 12:02:38.611 [info] <0.1002.0>@se_endpoint_handler_ranch_protocol:loop:89 Length 76
2019-06-10 12:02:38.611 [info] <0.1002.0>@se_endpoint_handler_ranch_protocol:loop:92 Message <<3,0,0,1,0,0,1,0,0,0,0,0,35,0,0,0,0,0,1,0,0,16,0,0,0,0,0,0,0,0,0,0,0,0,0,0,0,0,0,0,0,0,0,0,0,0,0,0,0,0,0,0,24,0,0,0,1,0,8,0,0,0,8,1,57,57,49,48,52,54,53,51,57,50,55,50>>
2019-06-10 12:02:38.611 [info] <0.1002.0>@message_processor_group_client:dispatch_message:24 PID <27951.838.0> RetVal ok
2019-06-10 12:02:38.611 [info] <0.1002.0>@se_endpoint_handler_ranch_protocol:loop:85 Transport ranch_ssl
2019-06-10 12:02:38.644 [info] <0.1003.0>@endpoint_sender_genserver:send_data:151 Got msg from se_message_processor: <<0,120,3,0,0,1,0,0,1,0,0,35,153,153,153,0,0,0,0,0,1,0,0,16,0,0,0,0,0,0,0,0,0,0,0,0,0,0,0,0,0,0,0,0,0,0,0,0,0,0,0,0,0,0,24,16,0,0,1,0,10,0,0,0,8,1,57,57,49,48,52,54,53,51,57,50,55,50,0,0>>
2019-06-10 12:02:38.645 [info] <0.1003.0>@endpoint_sender_genserver:send_data:155 Time taken by se gateway to process this request 33626
2019-06-10 12:02:38.645 [info] <0.1003.0>@endpoint_sender_genserver:send_data:162 Data sent to client: ok
2019-06-10 12:02:38.647 [info] <0.744.0>@se_endpoint_handler_ranch_protocol:start_link:43 got connection se_endpoint_handler
2019-06-10 12:02:38.647 [info] <0.744.0>@se_endpoint_handler_ranch_protocol:start_link:45 Pid =<0.1005.0>
2019-06-10 12:02:38.647 [info] <0.1005.0>@se_endpoint_handler_ranch_protocol:init:49 going to accept {sslsocket,{gen_tcp,#Port<0.1349>,tls_connection,<0.746.0>},<0.1004.0>}
2019-06-10 12:02:38.695 [info] <0.1005.0>@se_endpoint_handler_ranch_protocol:get_client_ip_address:14 client ip {192,168,24,16}, client port 47482
2019-06-10 12:02:38.695 [info] <0.1005.0>@se_endpoint_handler_ranch_protocol:get_server_ip_address:24 server ip {192,168,24,16}, server port 9001
2019-06-10 12:02:38.695 [info] <0.1005.0>@endpoint_meta_data:get_endpoint_meta_for_ip:9 get endpoint meta for given ip:{192,168,24,16}
2019-06-10 12:02:38.696 [info] <0.1005.0>@se_endpoint_handler_ranch_protocol:create_sender_process:124 pid GlobalName <0.1006.0> "endpoint_sender_24"
2019-06-10 12:02:38.696 [info] <0.1005.0>@se_endpoint_handler_ranch_protocol:loop:85 Transport ranch_ssl
2019-06-10 12:02:38.697 [info] <0.1005.0>@se_endpoint_handler_ranch_protocol:loop:89 Length 76
2019-06-10 12:02:38.697 [info] <0.1005.0>@se_endpoint_handler_ranch_protocol:loop:92 Message <<3,0,0,1,0,0,1,0,0,0,0,0,36,0,0,0,0,0,1,0,0,16,0,0,0,0,0,0,0,0,0,0,0,0,0,0,0,0,0,0,0,0,0,0,0,0,0,0,0,0,0,0,24,0,0,0,1,0,8,0,0,0,8,1,57,57,49,48,52,54,53,51,57,50,55,50>>
2019-06-10 12:02:38.697 [info] <0.1005.0>@message_processor_group_client:dispatch_message:24 PID <27951.834.0> RetVal ok
2019-06-10 12:02:38.697 [info] <0.1005.0>@se_endpoint_handler_ranch_protocol:loop:85 Transport ranch_ssl
2019-06-10 12:02:38.725 [info] <0.1006.0>@endpoint_sender_genserver:send_data:151 Got msg from se_message_processor: <<0,120,3,0,0,1,0,0,1,0,0,36,153,153,153,0,0,0,0,0,1,0,0,16,0,0,0,0,0,0,0,0,0,0,0,0,0,0,0,0,0,0,0,0,0,0,0,0,0,0,0,0,0,0,24,16,0,0,1,0,10,0,0,0,8,1,57,57,49,48,52,54,53,51,57,50,55,50,0,0>>
2019-06-10 12:02:38.725 [info] <0.1006.0>@endpoint_sender_genserver:send_data:155 Time taken by se gateway to process this request 27996
2019-06-10 12:02:38.725 [info] <0.1006.0>@endpoint_sender_genserver:send_data:162 Data sent to client: ok
2019-06-10 12:02:38.849 [info] <0.999.0>@se_endpoint_handler_ranch_protocol:loop:89 Length 193
2019-06-10 12:02:38.849 [info] <0.999.0>@se_endpoint_handler_ranch_protocol:loop:92 Message <<3,0,0,1,0,0,1,0,0,0,0,0,17,0,0,0,0,0,1,0,0,16,0,0,0,0,0,0,0,0,0,0,0,0,0,0,0,0,0,0,0,0,0,0,0,0,0,0,0,0,0,0,18,0,112,52,7,65,8,224,128,0,22,34,32,17,137,18,52,21,24,0,0,0,0,0,0,1,0,1,18,52,86,24,3,32,1,1,1,34,6,53,48,48,50,48,57,49,49,48,51,48,48,0,0,2,0,86,33,6,57,48,48,48,48,52,57,57,57,51,51,48,55,50,53,52,53,55,49,50,51,52,53,54,55,56,49,50,51,52,53,54,55,56,49,50,51,52,53,54,55,84,69,83,84,78,65,77,69,32,79,70,32,77,69,82,67,72,65,78,84,49,50,51,77,85,77,66,65,73,88,88,88,88,88,88,88,77,72,73,78,8,64>>
2019-06-10 12:02:38.849 [info] <0.999.0>@message_processor_group_client:dispatch_message:24 PID <27951.835.0> RetVal ok
2019-06-10 12:02:38.849 [info] <0.999.0>@se_endpoint_handler_ranch_protocol:loop:85 Transport ranch_ssl
2019-06-10 12:02:38.916 [info] <0.1000.0>@endpoint_sender_genserver:send_data:151 Got msg from se_message_processor: <<2,38,3,0,0,1,0,0,1,0,0,17,153,153,153,0,0,0,0,0,1,0,0,16,0,0,0,1,35,25,22,18,53,88,137,0,17,50,24,0,0,0,0,0,0,0,0,0,0,0,0,0,0,0,18,16,112,48,7,65,10,229,128,0,22,34,32,17,137,18,52,21,24,0,0,0,0,0,0,1,0,1,18,52,86,24,3,32,1,1,1,53,48,48,50,48,57,49,49,48,51,48,48,0,0,2,0,86,33,6,57,48,48,48,48,52,57,57,57,51,51,48,55,50,53,52,53,55,9,4,49,50,51,52,53,54,55,56,49,50,51,52,53,54,55,56,49,50,51,52,53,54,55,84,69,83,84,78,65,77,69,32,79,70,32,77,69,82,67,72,65,78,84,49,50,51,77,85,77,66,65,73,88,88,88,88,88,88,88,77,72,73,78,0,3,55,49,48,0,38,0,1,35,49,50,51,49,57,49,54,49,50,51,53,53,56,56,57,48,48,49,49,51,50,56,50,8,64>>
2019-06-10 12:02:38.916 [info] <0.1000.0>@endpoint_sender_genserver:send_data:155 Time taken by se gateway to process this request 66819
2019-06-10 12:02:38.916 [info] <0.1000.0>@endpoint_sender_genserver:send_data:162 Data sent to client: ok
2019-06-10 12:03:38.914 [error] <0.981.0>@se_endpoint_handler_ranch_protocol:loop:102 Error while receiving length bytes on socket {sslsocket,{gen_tcp,#Port<0.1340>,tls_connection,<0.746.0>},<0.980.0>} :  closed
2019-06-10 12:03:38.914 [info] <0.981.0>@endpoint_meta_data:get_endpoint_meta_for_ip:9 get endpoint meta for given ip:{192,168,10,2}
2019-06-10 12:03:38.914 [info] <0.981.0>@se_endpoint_handler_ranch_protocol:remove_sender_process:129 going to stop "endpoint_sender_1"
2019-06-10 12:03:38.914 [info] <0.992.0>@endpoint_sender_genserver:terminate:132 terminating <0.992.0> because of normal
2019-06-10 12:03:38.914 [error] <0.981.0> Ranch listener se_endpoint_handler terminated with reason: connection_closed
2019-06-10 12:03:38.962 [error] <0.989.0>@se_endpoint_handler_ranch_protocol:loop:102 Error while receiving length bytes on socket {sslsocket,{gen_tcp,#Port<0.1345>,tls_connection,<0.746.0>},<0.988.0>} :  closed
2019-06-10 12:03:38.962 [info] <0.989.0>@endpoint_meta_data:get_endpoint_meta_for_ip:9 get endpoint meta for given ip:{192,168,17,9}
2019-06-10 12:03:38.963 [info] <0.989.0>@se_endpoint_handler_ranch_protocol:remove_sender_process:129 going to stop "endpoint_sender_18"
2019-06-10 12:03:38.963 [error] <0.983.0>@se_endpoint_handler_ranch_protocol:loop:102 Error while receiving length bytes on socket {sslsocket,{gen_tcp,#Port<0.1342>,tls_connection,<0.746.0>},<0.982.0>} :  closed
2019-06-10 12:03:38.963 [info] <0.983.0>@endpoint_meta_data:get_endpoint_meta_for_ip:9 get endpoint meta for given ip:{192,168,12,4}
2019-06-10 12:03:38.963 [info] <0.983.0>@se_endpoint_handler_ranch_protocol:remove_sender_process:129 going to stop "endpoint_sender_5"
2019-06-10 12:03:38.963 [info] <0.993.0>@endpoint_sender_genserver:terminate:132 terminating <0.993.0> because of normal
2019-06-10 12:03:38.963 [info] <0.996.0>@endpoint_sender_genserver:terminate:132 terminating <0.996.0> because of normal
2019-06-10 12:03:38.963 [error] <0.985.0>@se_endpoint_handler_ranch_protocol:loop:102 Error while receiving length bytes on socket {sslsocket,{gen_tcp,#Port<0.1343>,tls_connection,<0.746.0>},<0.984.0>} :  closed
2019-06-10 12:03:38.963 [info] <0.985.0>@endpoint_meta_data:get_endpoint_meta_for_ip:9 get endpoint meta for given ip:{192,168,13,5}
2019-06-10 12:03:38.963 [info] <0.985.0>@se_endpoint_handler_ranch_protocol:remove_sender_process:129 going to stop "endpoint_sender_6"
2019-06-10 12:03:38.963 [error] <0.987.0>@se_endpoint_handler_ranch_protocol:loop:102 Error while receiving length bytes on socket {sslsocket,{gen_tcp,#Port<0.1344>,tls_connection,<0.746.0>},<0.986.0>} :  closed
2019-06-10 12:03:38.963 [error] <0.999.0>@se_endpoint_handler_ranch_protocol:loop:102 Error while receiving length bytes on socket {sslsocket,{gen_tcp,#Port<0.1347>,tls_connection,<0.746.0>},<0.998.0>} :  closed
2019-06-10 12:03:38.963 [info] <0.987.0>@endpoint_meta_data:get_endpoint_meta_for_ip:9 get endpoint meta for given ip:{192,168,11,3}
2019-06-10 12:03:38.963 [info] <0.999.0>@endpoint_meta_data:get_endpoint_meta_for_ip:9 get endpoint meta for given ip:{192,168,15,7}
2019-06-10 12:03:38.963 [info] <0.987.0>@se_endpoint_handler_ranch_protocol:remove_sender_process:129 going to stop "endpoint_sender_2"
2019-06-10 12:03:38.963 [info] <0.994.0>@endpoint_sender_genserver:terminate:132 terminating <0.994.0> because of normal
2019-06-10 12:03:38.963 [info] <0.999.0>@se_endpoint_handler_ranch_protocol:remove_sender_process:129 going to stop "endpoint_sender_11"
2019-06-10 12:03:38.963 [error] <0.991.0>@se_endpoint_handler_ranch_protocol:loop:102 Error while receiving length bytes on socket {sslsocket,{gen_tcp,#Port<0.1346>,tls_connection,<0.746.0>},<0.990.0>} :  closed
2019-06-10 12:03:38.963 [info] <0.1000.0>@endpoint_sender_genserver:terminate:132 terminating <0.1000.0> because of normal
2019-06-10 12:03:38.963 [info] <0.991.0>@endpoint_meta_data:get_endpoint_meta_for_ip:9 get endpoint meta for given ip:{192,168,22,14}
2019-06-10 12:03:38.963 [info] <0.991.0>@se_endpoint_handler_ranch_protocol:remove_sender_process:129 going to stop "endpoint_sender_3"
2019-06-10 12:03:38.963 [error] <0.1002.0>@se_endpoint_handler_ranch_protocol:loop:102 Error while receiving length bytes on socket {sslsocket,{gen_tcp,#Port<0.1348>,tls_connection,<0.746.0>},<0.1001.0>} :  closed
2019-06-10 12:03:38.963 [error] <0.983.0> Ranch listener se_endpoint_handler terminated with reason: connection_closed
2019-06-10 12:03:38.963 [info] <0.1002.0>@endpoint_meta_data:get_endpoint_meta_for_ip:9 get endpoint meta for given ip:{192,168,23,15}
2019-06-10 12:03:38.963 [error] <0.1005.0>@se_endpoint_handler_ranch_protocol:loop:102 Error while receiving length bytes on socket {sslsocket,{gen_tcp,#Port<0.1349>,tls_connection,<0.746.0>},<0.1004.0>} :  closed
2019-06-10 12:03:38.963 [error] <0.985.0> Ranch listener se_endpoint_handler terminated with reason: connection_closed
2019-06-10 12:03:38.963 [info] <0.1002.0>@se_endpoint_handler_ranch_protocol:remove_sender_process:129 going to stop "endpoint_sender_23"
2019-06-10 12:03:38.963 [info] <0.1005.0>@endpoint_meta_data:get_endpoint_meta_for_ip:9 get endpoint meta for given ip:{192,168,24,16}
2019-06-10 12:03:38.963 [error] <0.999.0> Ranch listener se_endpoint_handler terminated with reason: connection_closed
2019-06-10 12:03:38.963 [info] <0.1005.0>@se_endpoint_handler_ranch_protocol:remove_sender_process:129 going to stop "endpoint_sender_24"
2019-06-10 12:03:38.963 [info] <0.995.0>@endpoint_sender_genserver:terminate:132 terminating <0.995.0> because of normal
2019-06-10 12:03:38.963 [info] <0.997.0>@endpoint_sender_genserver:terminate:132 terminating <0.997.0> because of normal
2019-06-10 12:03:38.963 [error] <0.989.0> Ranch listener se_endpoint_handler terminated with reason: connection_closed
2019-06-10 12:03:38.963 [info] <0.1003.0>@endpoint_sender_genserver:terminate:132 terminating <0.1003.0> because of normal
2019-06-10 12:03:38.963 [info] <0.1006.0>@endpoint_sender_genserver:terminate:132 terminating <0.1006.0> because of normal
2019-06-10 12:03:38.964 [error] <0.991.0> Ranch listener se_endpoint_handler terminated with reason: connection_closed
2019-06-10 12:03:38.964 [error] <0.987.0> Ranch listener se_endpoint_handler terminated with reason: connection_closed
2019-06-10 12:03:38.964 [error] <0.1002.0> Ranch listener se_endpoint_handler terminated with reason: connection_closed
2019-06-10 12:03:38.964 [error] <0.1005.0> Ranch listener se_endpoint_handler terminated with reason: connection_closed
